{"C:\\Users\\Ørjan\\Documents\\hverdagshelt-team-6\\server\\src\\auth.js": {"path":"C:\\Users\\Ørjan\\Documents\\hverdagshelt-team-6\\server\\src\\auth.js","statementMap":{"0":{"start":{"line":2,"column":15},"end":{"line":2,"column":32}},"1":{"start":{"line":3,"column":11},"end":{"line":3,"column":24}},"2":{"start":{"line":4,"column":12},"end":{"line":4,"column":35}},"3":{"start":{"line":5,"column":13},"end":{"line":5,"column":28}},"4":{"start":{"line":7,"column":20},"end":{"line":7,"column":55}},"5":{"start":{"line":8,"column":19},"end":{"line":8,"column":53}},"6":{"start":{"line":9,"column":19},"end":{"line":9,"column":56}},"7":{"start":{"line":10,"column":18},"end":{"line":10,"column":54}},"8":{"start":{"line":11,"column":13},"end":{"line":11,"column":15}},"9":{"start":{"line":18,"column":22},"end":{"line":23,"column":1}},"10":{"start":{"line":19,"column":2},"end":{"line":22,"column":22}},"11":{"start":{"line":25,"column":13},"end":{"line":33,"column":1}},"12":{"start":{"line":26,"column":13},"end":{"line":26,"column":46}},"13":{"start":{"line":27,"column":2},"end":{"line":27,"column":24}},"14":{"start":{"line":28,"column":14},"end":{"line":28,"column":32}},"15":{"start":{"line":29,"column":2},"end":{"line":32,"column":4}},"16":{"start":{"line":36,"column":21},"end":{"line":36,"column":43}},"17":{"start":{"line":37,"column":2},"end":{"line":37,"column":22}},"18":{"start":{"line":41,"column":18},"end":{"line":44,"column":3}},"19":{"start":{"line":46,"column":22},"end":{"line":51,"column":3}},"20":{"start":{"line":52,"column":2},"end":{"line":52,"column":52}},"21":{"start":{"line":56,"column":24},"end":{"line":61,"column":3}},"22":{"start":{"line":62,"column":2},"end":{"line":66,"column":3}},"23":{"start":{"line":63,"column":4},"end":{"line":63,"column":55}},"24":{"start":{"line":65,"column":4},"end":{"line":65,"column":17}},"25":{"start":{"line":70,"column":13},"end":{"line":74,"column":3}},"26":{"start":{"line":75,"column":15},"end":{"line":75,"column":25}},"27":{"start":{"line":76,"column":16},"end":{"line":76,"column":28}},"28":{"start":{"line":77,"column":2},"end":{"line":79,"column":3}},"29":{"start":{"line":78,"column":4},"end":{"line":78,"column":16}},"30":{"start":{"line":80,"column":13},"end":{"line":80,"column":25}},"31":{"start":{"line":81,"column":22},"end":{"line":81,"column":45}},"32":{"start":{"line":82,"column":22},"end":{"line":82,"column":50}},"33":{"start":{"line":83,"column":2},"end":{"line":87,"column":3}},"34":{"start":{"line":84,"column":4},"end":{"line":84,"column":16}},"35":{"start":{"line":86,"column":4},"end":{"line":86,"column":19}},"36":{"start":{"line":91,"column":2},"end":{"line":91,"column":78}},"37":{"start":{"line":91,"column":18},"end":{"line":91,"column":78}},"38":{"start":{"line":92,"column":14},"end":{"line":92,"column":23}},"39":{"start":{"line":93,"column":16},"end":{"line":93,"column":34}},"40":{"start":{"line":94,"column":2},"end":{"line":99,"column":3}},"41":{"start":{"line":95,"column":4},"end":{"line":95,"column":23}},"42":{"start":{"line":96,"column":4},"end":{"line":96,"column":37}},"43":{"start":{"line":98,"column":4},"end":{"line":98,"column":34}},"44":{"start":{"line":103,"column":2},"end":{"line":104,"column":31}},"45":{"start":{"line":104,"column":4},"end":{"line":104,"column":31}},"46":{"start":{"line":106,"column":14},"end":{"line":106,"column":62}},"47":{"start":{"line":107,"column":2},"end":{"line":119,"column":3}},"48":{"start":{"line":108,"column":16},"end":{"line":108,"column":62}},"49":{"start":{"line":109,"column":4},"end":{"line":109,"column":35}},"50":{"start":{"line":110,"column":19},"end":{"line":110,"column":29}},"51":{"start":{"line":111,"column":4},"end":{"line":111,"column":65}},"52":{"start":{"line":111,"column":45},"end":{"line":111,"column":63}},"53":{"start":{"line":112,"column":22},"end":{"line":115,"column":5}},"54":{"start":{"line":116,"column":4},"end":{"line":116,"column":45}},"55":{"start":{"line":118,"column":4},"end":{"line":118,"column":31}},"56":{"start":{"line":124,"column":2},"end":{"line":130,"column":3}},"57":{"start":{"line":125,"column":4},"end":{"line":125,"column":31}},"58":{"start":{"line":127,"column":16},"end":{"line":127,"column":25}},"59":{"start":{"line":128,"column":4},"end":{"line":128,"column":25}},"60":{"start":{"line":129,"column":4},"end":{"line":129,"column":31}},"61":{"start":{"line":134,"column":2},"end":{"line":137,"column":3}},"62":{"start":{"line":135,"column":4},"end":{"line":135,"column":25}},"63":{"start":{"line":136,"column":4},"end":{"line":136,"column":15}},"64":{"start":{"line":138,"column":2},"end":{"line":138,"column":14}}},"fnMap":{"0":{"name":"(anonymous_0)","decl":{"start":{"line":18,"column":22},"end":{"line":18,"column":23}},"loc":{"start":{"line":18,"column":39},"end":{"line":23,"column":1}},"line":18},"1":{"name":"(anonymous_1)","decl":{"start":{"line":25,"column":13},"end":{"line":25,"column":14}},"loc":{"start":{"line":25,"column":38},"end":{"line":33,"column":1}},"line":25},"2":{"name":"hashPassword","decl":{"start":{"line":35,"column":16},"end":{"line":35,"column":28}},"loc":{"start":{"line":35,"column":67},"end":{"line":38,"column":1}},"line":35},"3":{"name":"createToken","decl":{"start":{"line":40,"column":16},"end":{"line":40,"column":27}},"loc":{"start":{"line":40,"column":50},"end":{"line":53,"column":1}},"line":40},"4":{"name":"verifyToken","decl":{"start":{"line":55,"column":16},"end":{"line":55,"column":27}},"loc":{"start":{"line":55,"column":35},"end":{"line":67,"column":1}},"line":55},"5":{"name":"loginOk","decl":{"start":{"line":69,"column":22},"end":{"line":69,"column":29}},"loc":{"start":{"line":69,"column":47},"end":{"line":88,"column":1}},"line":69},"6":{"name":"reqAccessLevel","decl":{"start":{"line":90,"column":16},"end":{"line":90,"column":30}},"loc":{"start":{"line":90,"column":75},"end":{"line":100,"column":1}},"line":90},"7":{"name":"login","decl":{"start":{"line":102,"column":22},"end":{"line":102,"column":27}},"loc":{"start":{"line":102,"column":57},"end":{"line":120,"column":1}},"line":102},"8":{"name":"(anonymous_8)","decl":{"start":{"line":111,"column":40},"end":{"line":111,"column":41}},"loc":{"start":{"line":111,"column":45},"end":{"line":111,"column":63}},"line":111},"9":{"name":"logout","decl":{"start":{"line":123,"column":16},"end":{"line":123,"column":22}},"loc":{"start":{"line":123,"column":52},"end":{"line":131,"column":1}},"line":123},"10":{"name":"remove_token","decl":{"start":{"line":133,"column":16},"end":{"line":133,"column":28}},"loc":{"start":{"line":133,"column":36},"end":{"line":139,"column":1}},"line":133}},"branchMap":{"0":{"loc":{"start":{"line":35,"column":39},"end":{"line":35,"column":65}},"type":"default-arg","locations":[{"start":{"line":35,"column":46},"end":{"line":35,"column":65}}],"line":35},"1":{"loc":{"start":{"line":77,"column":2},"end":{"line":79,"column":3}},"type":"if","locations":[{"start":{"line":77,"column":2},"end":{"line":79,"column":3}},{"start":{"line":77,"column":2},"end":{"line":79,"column":3}}],"line":77},"2":{"loc":{"start":{"line":83,"column":2},"end":{"line":87,"column":3}},"type":"if","locations":[{"start":{"line":83,"column":2},"end":{"line":87,"column":3}},{"start":{"line":83,"column":2},"end":{"line":87,"column":3}}],"line":83},"3":{"loc":{"start":{"line":90,"column":41},"end":{"line":90,"column":56}},"type":"default-arg","locations":[{"start":{"line":90,"column":55},"end":{"line":90,"column":56}}],"line":90},"4":{"loc":{"start":{"line":91,"column":2},"end":{"line":91,"column":78}},"type":"if","locations":[{"start":{"line":91,"column":2},"end":{"line":91,"column":78}},{"start":{"line":91,"column":2},"end":{"line":91,"column":78}}],"line":91},"5":{"loc":{"start":{"line":94,"column":2},"end":{"line":99,"column":3}},"type":"if","locations":[{"start":{"line":94,"column":2},"end":{"line":99,"column":3}},{"start":{"line":94,"column":2},"end":{"line":99,"column":3}}],"line":94},"6":{"loc":{"start":{"line":94,"column":6},"end":{"line":94,"column":70}},"type":"binary-expr","locations":[{"start":{"line":94,"column":6},"end":{"line":94,"column":13}},{"start":{"line":94,"column":17},"end":{"line":94,"column":51}},{"start":{"line":94,"column":55},"end":{"line":94,"column":70}}],"line":94},"7":{"loc":{"start":{"line":103,"column":2},"end":{"line":104,"column":31}},"type":"if","locations":[{"start":{"line":103,"column":2},"end":{"line":104,"column":31}},{"start":{"line":103,"column":2},"end":{"line":104,"column":31}}],"line":103},"8":{"loc":{"start":{"line":103,"column":6},"end":{"line":103,"column":94}},"type":"binary-expr","locations":[{"start":{"line":103,"column":6},"end":{"line":103,"column":15}},{"start":{"line":103,"column":19},"end":{"line":103,"column":53}},{"start":{"line":103,"column":57},"end":{"line":103,"column":94}}],"line":103},"9":{"loc":{"start":{"line":107,"column":2},"end":{"line":119,"column":3}},"type":"if","locations":[{"start":{"line":107,"column":2},"end":{"line":119,"column":3}},{"start":{"line":107,"column":2},"end":{"line":119,"column":3}}],"line":107},"10":{"loc":{"start":{"line":124,"column":2},"end":{"line":130,"column":3}},"type":"if","locations":[{"start":{"line":124,"column":2},"end":{"line":130,"column":3}},{"start":{"line":124,"column":2},"end":{"line":130,"column":3}}],"line":124},"11":{"loc":{"start":{"line":134,"column":2},"end":{"line":137,"column":3}},"type":"if","locations":[{"start":{"line":134,"column":2},"end":{"line":137,"column":3}},{"start":{"line":134,"column":2},"end":{"line":137,"column":3}}],"line":134}},"s":{"0":11,"1":11,"2":11,"3":11,"4":11,"5":11,"6":11,"7":11,"8":11,"9":11,"10":3,"11":11,"12":18,"13":18,"14":18,"15":18,"16":18,"17":18,"18":13,"19":13,"20":13,"21":165,"22":165,"23":165,"24":37,"25":15,"26":15,"27":15,"28":15,"29":1,"30":14,"31":14,"32":14,"33":14,"34":1,"35":13,"36":178,"37":37,"38":141,"39":141,"40":141,"41":104,"42":104,"43":37,"44":16,"45":1,"46":15,"47":15,"48":13,"49":13,"50":13,"51":13,"52":26,"53":13,"54":13,"55":2,"56":0,"57":0,"58":0,"59":0,"60":0,"61":0,"62":0,"63":0,"64":0},"f":{"0":3,"1":18,"2":18,"3":13,"4":165,"5":15,"6":178,"7":16,"8":26,"9":0,"10":0},"b":{"0":[3],"1":[1,14],"2":[1,13],"3":[0],"4":[37,141],"5":[104,37],"6":[141,105,104],"7":[1,15],"8":[16,16,15],"9":[13,2],"10":[0,0],"11":[0,0]},"_coverageSchema":"332fd63041d2c1bcb487cc26dd0d5f7d97098a6c","hash":"2654fc10e82200e29ca2f99919f5065a99a16dd2"}
,"C:\\Users\\Ørjan\\Documents\\hverdagshelt-team-6\\server\\src\\models.js": {"path":"C:\\Users\\Ørjan\\Documents\\hverdagshelt-team-6\\server\\src\\models.js","statementMap":{"0":{"start":{"line":5,"column":0},"end":{"line":5,"column":27}},"1":{"start":{"line":7,"column":23},"end":{"line":22,"column":1}},"2":{"start":{"line":24,"column":72},"end":{"line":33,"column":1}},"3":{"start":{"line":37,"column":4},"end":{"line":48,"column":1}},"4":{"start":{"line":50,"column":90},"end":{"line":60,"column":1}},"5":{"start":{"line":74,"column":4},"end":{"line":88,"column":1}},"6":{"start":{"line":90,"column":72},"end":{"line":99,"column":1}},"7":{"start":{"line":103,"column":4},"end":{"line":106,"column":2}},"8":{"start":{"line":120,"column":4},"end":{"line":126,"column":2}},"9":{"start":{"line":128,"column":76},"end":{"line":137,"column":1}},"10":{"start":{"line":141,"column":4},"end":{"line":145,"column":2}},"11":{"start":{"line":149,"column":4},"end":{"line":159,"column":1}},"12":{"start":{"line":163,"column":4},"end":{"line":174,"column":1}},"13":{"start":{"line":176,"column":0},"end":{"line":176,"column":82}},"14":{"start":{"line":177,"column":0},"end":{"line":177,"column":76}},"15":{"start":{"line":178,"column":0},"end":{"line":178,"column":80}},"16":{"start":{"line":179,"column":0},"end":{"line":179,"column":86}},"17":{"start":{"line":180,"column":0},"end":{"line":180,"column":90}},"18":{"start":{"line":181,"column":0},"end":{"line":181,"column":86}},"19":{"start":{"line":182,"column":0},"end":{"line":182,"column":100}},"20":{"start":{"line":183,"column":0},"end":{"line":183,"column":80}},"21":{"start":{"line":184,"column":0},"end":{"line":184,"column":76}},"22":{"start":{"line":185,"column":0},"end":{"line":185,"column":84}},"23":{"start":{"line":186,"column":0},"end":{"line":186,"column":80}},"24":{"start":{"line":187,"column":0},"end":{"line":187,"column":92}},"25":{"start":{"line":188,"column":0},"end":{"line":188,"column":96}},"26":{"start":{"line":189,"column":0},"end":{"line":189,"column":111}},"27":{"start":{"line":190,"column":0},"end":{"line":190,"column":111}},"28":{"start":{"line":193,"column":17},"end":{"line":193,"column":54}},"29":{"start":{"line":194,"column":0},"end":{"line":194,"column":18}},"30":{"start":{"line":195,"column":0},"end":{"line":198,"column":59}},"31":{"start":{"line":196,"column":2},"end":{"line":196,"column":50}},"32":{"start":{"line":198,"column":5},"end":{"line":198,"column":59}},"33":{"start":{"line":200,"column":18},"end":{"line":956,"column":1}},"34":{"start":{"line":202,"column":4},"end":{"line":950,"column":8}},"35":{"start":{"line":203,"column":6},"end":{"line":950,"column":8}},"36":{"start":{"line":209,"column":12},"end":{"line":211,"column":14}},"37":{"start":{"line":214,"column":12},"end":{"line":216,"column":14}},"38":{"start":{"line":219,"column":12},"end":{"line":221,"column":14}},"39":{"start":{"line":224,"column":12},"end":{"line":226,"column":14}},"40":{"start":{"line":229,"column":12},"end":{"line":231,"column":14}},"41":{"start":{"line":234,"column":12},"end":{"line":236,"column":14}},"42":{"start":{"line":239,"column":12},"end":{"line":241,"column":14}},"43":{"start":{"line":244,"column":12},"end":{"line":246,"column":14}},"44":{"start":{"line":249,"column":12},"end":{"line":251,"column":14}},"45":{"start":{"line":254,"column":12},"end":{"line":256,"column":14}},"46":{"start":{"line":259,"column":12},"end":{"line":261,"column":14}},"47":{"start":{"line":264,"column":12},"end":{"line":266,"column":14}},"48":{"start":{"line":269,"column":12},"end":{"line":271,"column":14}},"49":{"start":{"line":274,"column":12},"end":{"line":276,"column":14}},"50":{"start":{"line":279,"column":12},"end":{"line":281,"column":14}},"51":{"start":{"line":284,"column":12},"end":{"line":286,"column":14}},"52":{"start":{"line":289,"column":12},"end":{"line":291,"column":14}},"53":{"start":{"line":296,"column":12},"end":{"line":301,"column":14}},"54":{"start":{"line":304,"column":12},"end":{"line":309,"column":14}},"55":{"start":{"line":312,"column":12},"end":{"line":317,"column":14}},"56":{"start":{"line":321,"column":12},"end":{"line":326,"column":14}},"57":{"start":{"line":329,"column":12},"end":{"line":334,"column":14}},"58":{"start":{"line":337,"column":12},"end":{"line":342,"column":14}},"59":{"start":{"line":346,"column":12},"end":{"line":351,"column":14}},"60":{"start":{"line":354,"column":12},"end":{"line":359,"column":14}},"61":{"start":{"line":362,"column":12},"end":{"line":367,"column":14}},"62":{"start":{"line":371,"column":12},"end":{"line":376,"column":14}},"63":{"start":{"line":379,"column":12},"end":{"line":384,"column":14}},"64":{"start":{"line":387,"column":12},"end":{"line":392,"column":14}},"65":{"start":{"line":396,"column":12},"end":{"line":401,"column":14}},"66":{"start":{"line":404,"column":12},"end":{"line":409,"column":14}},"67":{"start":{"line":412,"column":12},"end":{"line":417,"column":14}},"68":{"start":{"line":421,"column":12},"end":{"line":426,"column":14}},"69":{"start":{"line":429,"column":12},"end":{"line":434,"column":14}},"70":{"start":{"line":437,"column":12},"end":{"line":442,"column":14}},"71":{"start":{"line":446,"column":12},"end":{"line":451,"column":14}},"72":{"start":{"line":454,"column":12},"end":{"line":459,"column":14}},"73":{"start":{"line":462,"column":12},"end":{"line":467,"column":14}},"74":{"start":{"line":471,"column":12},"end":{"line":476,"column":14}},"75":{"start":{"line":479,"column":12},"end":{"line":484,"column":14}},"76":{"start":{"line":487,"column":12},"end":{"line":492,"column":14}},"77":{"start":{"line":496,"column":12},"end":{"line":501,"column":14}},"78":{"start":{"line":504,"column":12},"end":{"line":509,"column":14}},"79":{"start":{"line":512,"column":12},"end":{"line":517,"column":14}},"80":{"start":{"line":521,"column":12},"end":{"line":526,"column":14}},"81":{"start":{"line":530,"column":12},"end":{"line":535,"column":14}},"82":{"start":{"line":538,"column":12},"end":{"line":543,"column":14}},"83":{"start":{"line":546,"column":12},"end":{"line":551,"column":14}},"84":{"start":{"line":555,"column":12},"end":{"line":560,"column":14}},"85":{"start":{"line":563,"column":12},"end":{"line":568,"column":14}},"86":{"start":{"line":571,"column":12},"end":{"line":576,"column":14}},"87":{"start":{"line":580,"column":12},"end":{"line":585,"column":14}},"88":{"start":{"line":588,"column":12},"end":{"line":593,"column":14}},"89":{"start":{"line":596,"column":12},"end":{"line":601,"column":14}},"90":{"start":{"line":605,"column":12},"end":{"line":610,"column":14}},"91":{"start":{"line":613,"column":12},"end":{"line":618,"column":14}},"92":{"start":{"line":621,"column":12},"end":{"line":626,"column":14}},"93":{"start":{"line":630,"column":12},"end":{"line":635,"column":14}},"94":{"start":{"line":638,"column":12},"end":{"line":643,"column":14}},"95":{"start":{"line":646,"column":12},"end":{"line":651,"column":14}},"96":{"start":{"line":654,"column":12},"end":{"line":659,"column":14}},"97":{"start":{"line":663,"column":12},"end":{"line":668,"column":14}},"98":{"start":{"line":671,"column":12},"end":{"line":676,"column":14}},"99":{"start":{"line":679,"column":12},"end":{"line":684,"column":14}},"100":{"start":{"line":688,"column":12},"end":{"line":693,"column":14}},"101":{"start":{"line":696,"column":12},"end":{"line":701,"column":14}},"102":{"start":{"line":704,"column":12},"end":{"line":709,"column":14}},"103":{"start":{"line":713,"column":12},"end":{"line":718,"column":14}},"104":{"start":{"line":721,"column":12},"end":{"line":726,"column":14}},"105":{"start":{"line":729,"column":12},"end":{"line":734,"column":14}},"106":{"start":{"line":738,"column":12},"end":{"line":741,"column":14}},"107":{"start":{"line":744,"column":12},"end":{"line":747,"column":14}},"108":{"start":{"line":750,"column":12},"end":{"line":753,"column":14}},"109":{"start":{"line":756,"column":12},"end":{"line":759,"column":14}},"110":{"start":{"line":762,"column":12},"end":{"line":765,"column":14}},"111":{"start":{"line":769,"column":12},"end":{"line":779,"column":14}},"112":{"start":{"line":782,"column":12},"end":{"line":792,"column":14}},"113":{"start":{"line":795,"column":12},"end":{"line":805,"column":14}},"114":{"start":{"line":808,"column":12},"end":{"line":818,"column":14}},"115":{"start":{"line":821,"column":12},"end":{"line":831,"column":14}},"116":{"start":{"line":834,"column":12},"end":{"line":844,"column":14}},"117":{"start":{"line":847,"column":12},"end":{"line":857,"column":14}},"118":{"start":{"line":861,"column":12},"end":{"line":863,"column":14}},"119":{"start":{"line":866,"column":12},"end":{"line":868,"column":14}},"120":{"start":{"line":871,"column":12},"end":{"line":873,"column":14}},"121":{"start":{"line":877,"column":12},"end":{"line":879,"column":14}},"122":{"start":{"line":882,"column":12},"end":{"line":884,"column":14}},"123":{"start":{"line":887,"column":12},"end":{"line":889,"column":14}},"124":{"start":{"line":893,"column":12},"end":{"line":902,"column":14}},"125":{"start":{"line":905,"column":12},"end":{"line":914,"column":14}},"126":{"start":{"line":918,"column":12},"end":{"line":923,"column":14}},"127":{"start":{"line":927,"column":12},"end":{"line":931,"column":14}},"128":{"start":{"line":935,"column":12},"end":{"line":939,"column":14}},"129":{"start":{"line":943,"column":12},"end":{"line":948,"column":14}},"130":{"start":{"line":953,"column":4},"end":{"line":953,"column":21}},"131":{"start":{"line":954,"column":4},"end":{"line":954,"column":46}}},"fnMap":{"0":{"name":"(anonymous_0)","decl":{"start":{"line":201,"column":2},"end":{"line":201,"column":3}},"loc":{"start":{"line":201,"column":8},"end":{"line":951,"column":3}},"line":201},"1":{"name":"(anonymous_1)","decl":{"start":{"line":208,"column":16},"end":{"line":208,"column":17}},"loc":{"start":{"line":209,"column":12},"end":{"line":211,"column":14}},"line":209},"2":{"name":"(anonymous_2)","decl":{"start":{"line":213,"column":16},"end":{"line":213,"column":17}},"loc":{"start":{"line":214,"column":12},"end":{"line":216,"column":14}},"line":214},"3":{"name":"(anonymous_3)","decl":{"start":{"line":218,"column":16},"end":{"line":218,"column":17}},"loc":{"start":{"line":219,"column":12},"end":{"line":221,"column":14}},"line":219},"4":{"name":"(anonymous_4)","decl":{"start":{"line":223,"column":16},"end":{"line":223,"column":17}},"loc":{"start":{"line":224,"column":12},"end":{"line":226,"column":14}},"line":224},"5":{"name":"(anonymous_5)","decl":{"start":{"line":228,"column":16},"end":{"line":228,"column":17}},"loc":{"start":{"line":229,"column":12},"end":{"line":231,"column":14}},"line":229},"6":{"name":"(anonymous_6)","decl":{"start":{"line":233,"column":16},"end":{"line":233,"column":17}},"loc":{"start":{"line":234,"column":12},"end":{"line":236,"column":14}},"line":234},"7":{"name":"(anonymous_7)","decl":{"start":{"line":238,"column":16},"end":{"line":238,"column":17}},"loc":{"start":{"line":239,"column":12},"end":{"line":241,"column":14}},"line":239},"8":{"name":"(anonymous_8)","decl":{"start":{"line":243,"column":16},"end":{"line":243,"column":17}},"loc":{"start":{"line":244,"column":12},"end":{"line":246,"column":14}},"line":244},"9":{"name":"(anonymous_9)","decl":{"start":{"line":248,"column":16},"end":{"line":248,"column":17}},"loc":{"start":{"line":249,"column":12},"end":{"line":251,"column":14}},"line":249},"10":{"name":"(anonymous_10)","decl":{"start":{"line":253,"column":16},"end":{"line":253,"column":17}},"loc":{"start":{"line":254,"column":12},"end":{"line":256,"column":14}},"line":254},"11":{"name":"(anonymous_11)","decl":{"start":{"line":258,"column":16},"end":{"line":258,"column":17}},"loc":{"start":{"line":259,"column":12},"end":{"line":261,"column":14}},"line":259},"12":{"name":"(anonymous_12)","decl":{"start":{"line":263,"column":16},"end":{"line":263,"column":17}},"loc":{"start":{"line":264,"column":12},"end":{"line":266,"column":14}},"line":264},"13":{"name":"(anonymous_13)","decl":{"start":{"line":268,"column":16},"end":{"line":268,"column":17}},"loc":{"start":{"line":269,"column":12},"end":{"line":271,"column":14}},"line":269},"14":{"name":"(anonymous_14)","decl":{"start":{"line":273,"column":16},"end":{"line":273,"column":17}},"loc":{"start":{"line":274,"column":12},"end":{"line":276,"column":14}},"line":274},"15":{"name":"(anonymous_15)","decl":{"start":{"line":278,"column":16},"end":{"line":278,"column":17}},"loc":{"start":{"line":279,"column":12},"end":{"line":281,"column":14}},"line":279},"16":{"name":"(anonymous_16)","decl":{"start":{"line":283,"column":16},"end":{"line":283,"column":17}},"loc":{"start":{"line":284,"column":12},"end":{"line":286,"column":14}},"line":284},"17":{"name":"(anonymous_17)","decl":{"start":{"line":288,"column":16},"end":{"line":288,"column":17}},"loc":{"start":{"line":289,"column":12},"end":{"line":291,"column":14}},"line":289},"18":{"name":"(anonymous_18)","decl":{"start":{"line":295,"column":16},"end":{"line":295,"column":17}},"loc":{"start":{"line":296,"column":12},"end":{"line":301,"column":14}},"line":296},"19":{"name":"(anonymous_19)","decl":{"start":{"line":303,"column":16},"end":{"line":303,"column":17}},"loc":{"start":{"line":304,"column":12},"end":{"line":309,"column":14}},"line":304},"20":{"name":"(anonymous_20)","decl":{"start":{"line":311,"column":16},"end":{"line":311,"column":17}},"loc":{"start":{"line":312,"column":12},"end":{"line":317,"column":14}},"line":312},"21":{"name":"(anonymous_21)","decl":{"start":{"line":320,"column":16},"end":{"line":320,"column":17}},"loc":{"start":{"line":321,"column":12},"end":{"line":326,"column":14}},"line":321},"22":{"name":"(anonymous_22)","decl":{"start":{"line":328,"column":16},"end":{"line":328,"column":17}},"loc":{"start":{"line":329,"column":12},"end":{"line":334,"column":14}},"line":329},"23":{"name":"(anonymous_23)","decl":{"start":{"line":336,"column":16},"end":{"line":336,"column":17}},"loc":{"start":{"line":337,"column":12},"end":{"line":342,"column":14}},"line":337},"24":{"name":"(anonymous_24)","decl":{"start":{"line":345,"column":16},"end":{"line":345,"column":17}},"loc":{"start":{"line":346,"column":12},"end":{"line":351,"column":14}},"line":346},"25":{"name":"(anonymous_25)","decl":{"start":{"line":353,"column":16},"end":{"line":353,"column":17}},"loc":{"start":{"line":354,"column":12},"end":{"line":359,"column":14}},"line":354},"26":{"name":"(anonymous_26)","decl":{"start":{"line":361,"column":16},"end":{"line":361,"column":17}},"loc":{"start":{"line":362,"column":12},"end":{"line":367,"column":14}},"line":362},"27":{"name":"(anonymous_27)","decl":{"start":{"line":370,"column":16},"end":{"line":370,"column":17}},"loc":{"start":{"line":371,"column":12},"end":{"line":376,"column":14}},"line":371},"28":{"name":"(anonymous_28)","decl":{"start":{"line":378,"column":16},"end":{"line":378,"column":17}},"loc":{"start":{"line":379,"column":12},"end":{"line":384,"column":14}},"line":379},"29":{"name":"(anonymous_29)","decl":{"start":{"line":386,"column":16},"end":{"line":386,"column":17}},"loc":{"start":{"line":387,"column":12},"end":{"line":392,"column":14}},"line":387},"30":{"name":"(anonymous_30)","decl":{"start":{"line":395,"column":16},"end":{"line":395,"column":17}},"loc":{"start":{"line":396,"column":12},"end":{"line":401,"column":14}},"line":396},"31":{"name":"(anonymous_31)","decl":{"start":{"line":403,"column":16},"end":{"line":403,"column":17}},"loc":{"start":{"line":404,"column":12},"end":{"line":409,"column":14}},"line":404},"32":{"name":"(anonymous_32)","decl":{"start":{"line":411,"column":16},"end":{"line":411,"column":17}},"loc":{"start":{"line":412,"column":12},"end":{"line":417,"column":14}},"line":412},"33":{"name":"(anonymous_33)","decl":{"start":{"line":420,"column":16},"end":{"line":420,"column":17}},"loc":{"start":{"line":421,"column":12},"end":{"line":426,"column":14}},"line":421},"34":{"name":"(anonymous_34)","decl":{"start":{"line":428,"column":16},"end":{"line":428,"column":17}},"loc":{"start":{"line":429,"column":12},"end":{"line":434,"column":14}},"line":429},"35":{"name":"(anonymous_35)","decl":{"start":{"line":436,"column":16},"end":{"line":436,"column":17}},"loc":{"start":{"line":437,"column":12},"end":{"line":442,"column":14}},"line":437},"36":{"name":"(anonymous_36)","decl":{"start":{"line":445,"column":16},"end":{"line":445,"column":17}},"loc":{"start":{"line":446,"column":12},"end":{"line":451,"column":14}},"line":446},"37":{"name":"(anonymous_37)","decl":{"start":{"line":453,"column":16},"end":{"line":453,"column":17}},"loc":{"start":{"line":454,"column":12},"end":{"line":459,"column":14}},"line":454},"38":{"name":"(anonymous_38)","decl":{"start":{"line":461,"column":16},"end":{"line":461,"column":17}},"loc":{"start":{"line":462,"column":12},"end":{"line":467,"column":14}},"line":462},"39":{"name":"(anonymous_39)","decl":{"start":{"line":470,"column":16},"end":{"line":470,"column":17}},"loc":{"start":{"line":471,"column":12},"end":{"line":476,"column":14}},"line":471},"40":{"name":"(anonymous_40)","decl":{"start":{"line":478,"column":16},"end":{"line":478,"column":17}},"loc":{"start":{"line":479,"column":12},"end":{"line":484,"column":14}},"line":479},"41":{"name":"(anonymous_41)","decl":{"start":{"line":486,"column":16},"end":{"line":486,"column":17}},"loc":{"start":{"line":487,"column":12},"end":{"line":492,"column":14}},"line":487},"42":{"name":"(anonymous_42)","decl":{"start":{"line":495,"column":16},"end":{"line":495,"column":17}},"loc":{"start":{"line":496,"column":12},"end":{"line":501,"column":14}},"line":496},"43":{"name":"(anonymous_43)","decl":{"start":{"line":503,"column":16},"end":{"line":503,"column":17}},"loc":{"start":{"line":504,"column":12},"end":{"line":509,"column":14}},"line":504},"44":{"name":"(anonymous_44)","decl":{"start":{"line":511,"column":16},"end":{"line":511,"column":17}},"loc":{"start":{"line":512,"column":12},"end":{"line":517,"column":14}},"line":512},"45":{"name":"(anonymous_45)","decl":{"start":{"line":520,"column":16},"end":{"line":520,"column":17}},"loc":{"start":{"line":521,"column":12},"end":{"line":526,"column":14}},"line":521},"46":{"name":"(anonymous_46)","decl":{"start":{"line":529,"column":16},"end":{"line":529,"column":17}},"loc":{"start":{"line":530,"column":12},"end":{"line":535,"column":14}},"line":530},"47":{"name":"(anonymous_47)","decl":{"start":{"line":537,"column":16},"end":{"line":537,"column":17}},"loc":{"start":{"line":538,"column":12},"end":{"line":543,"column":14}},"line":538},"48":{"name":"(anonymous_48)","decl":{"start":{"line":545,"column":16},"end":{"line":545,"column":17}},"loc":{"start":{"line":546,"column":12},"end":{"line":551,"column":14}},"line":546},"49":{"name":"(anonymous_49)","decl":{"start":{"line":554,"column":16},"end":{"line":554,"column":17}},"loc":{"start":{"line":555,"column":12},"end":{"line":560,"column":14}},"line":555},"50":{"name":"(anonymous_50)","decl":{"start":{"line":562,"column":16},"end":{"line":562,"column":17}},"loc":{"start":{"line":563,"column":12},"end":{"line":568,"column":14}},"line":563},"51":{"name":"(anonymous_51)","decl":{"start":{"line":570,"column":16},"end":{"line":570,"column":17}},"loc":{"start":{"line":571,"column":12},"end":{"line":576,"column":14}},"line":571},"52":{"name":"(anonymous_52)","decl":{"start":{"line":579,"column":16},"end":{"line":579,"column":17}},"loc":{"start":{"line":580,"column":12},"end":{"line":585,"column":14}},"line":580},"53":{"name":"(anonymous_53)","decl":{"start":{"line":587,"column":16},"end":{"line":587,"column":17}},"loc":{"start":{"line":588,"column":12},"end":{"line":593,"column":14}},"line":588},"54":{"name":"(anonymous_54)","decl":{"start":{"line":595,"column":16},"end":{"line":595,"column":17}},"loc":{"start":{"line":596,"column":12},"end":{"line":601,"column":14}},"line":596},"55":{"name":"(anonymous_55)","decl":{"start":{"line":604,"column":16},"end":{"line":604,"column":17}},"loc":{"start":{"line":605,"column":12},"end":{"line":610,"column":14}},"line":605},"56":{"name":"(anonymous_56)","decl":{"start":{"line":612,"column":16},"end":{"line":612,"column":17}},"loc":{"start":{"line":613,"column":12},"end":{"line":618,"column":14}},"line":613},"57":{"name":"(anonymous_57)","decl":{"start":{"line":620,"column":16},"end":{"line":620,"column":17}},"loc":{"start":{"line":621,"column":12},"end":{"line":626,"column":14}},"line":621},"58":{"name":"(anonymous_58)","decl":{"start":{"line":629,"column":16},"end":{"line":629,"column":17}},"loc":{"start":{"line":630,"column":12},"end":{"line":635,"column":14}},"line":630},"59":{"name":"(anonymous_59)","decl":{"start":{"line":637,"column":16},"end":{"line":637,"column":17}},"loc":{"start":{"line":638,"column":12},"end":{"line":643,"column":14}},"line":638},"60":{"name":"(anonymous_60)","decl":{"start":{"line":645,"column":16},"end":{"line":645,"column":17}},"loc":{"start":{"line":646,"column":12},"end":{"line":651,"column":14}},"line":646},"61":{"name":"(anonymous_61)","decl":{"start":{"line":653,"column":16},"end":{"line":653,"column":17}},"loc":{"start":{"line":654,"column":12},"end":{"line":659,"column":14}},"line":654},"62":{"name":"(anonymous_62)","decl":{"start":{"line":662,"column":16},"end":{"line":662,"column":17}},"loc":{"start":{"line":663,"column":12},"end":{"line":668,"column":14}},"line":663},"63":{"name":"(anonymous_63)","decl":{"start":{"line":670,"column":16},"end":{"line":670,"column":17}},"loc":{"start":{"line":671,"column":12},"end":{"line":676,"column":14}},"line":671},"64":{"name":"(anonymous_64)","decl":{"start":{"line":678,"column":16},"end":{"line":678,"column":17}},"loc":{"start":{"line":679,"column":12},"end":{"line":684,"column":14}},"line":679},"65":{"name":"(anonymous_65)","decl":{"start":{"line":687,"column":16},"end":{"line":687,"column":17}},"loc":{"start":{"line":688,"column":12},"end":{"line":693,"column":14}},"line":688},"66":{"name":"(anonymous_66)","decl":{"start":{"line":695,"column":16},"end":{"line":695,"column":17}},"loc":{"start":{"line":696,"column":12},"end":{"line":701,"column":14}},"line":696},"67":{"name":"(anonymous_67)","decl":{"start":{"line":703,"column":16},"end":{"line":703,"column":17}},"loc":{"start":{"line":704,"column":12},"end":{"line":709,"column":14}},"line":704},"68":{"name":"(anonymous_68)","decl":{"start":{"line":712,"column":16},"end":{"line":712,"column":17}},"loc":{"start":{"line":713,"column":12},"end":{"line":718,"column":14}},"line":713},"69":{"name":"(anonymous_69)","decl":{"start":{"line":720,"column":16},"end":{"line":720,"column":17}},"loc":{"start":{"line":721,"column":12},"end":{"line":726,"column":14}},"line":721},"70":{"name":"(anonymous_70)","decl":{"start":{"line":728,"column":16},"end":{"line":728,"column":17}},"loc":{"start":{"line":729,"column":12},"end":{"line":734,"column":14}},"line":729},"71":{"name":"(anonymous_71)","decl":{"start":{"line":737,"column":16},"end":{"line":737,"column":17}},"loc":{"start":{"line":738,"column":12},"end":{"line":741,"column":14}},"line":738},"72":{"name":"(anonymous_72)","decl":{"start":{"line":743,"column":16},"end":{"line":743,"column":17}},"loc":{"start":{"line":744,"column":12},"end":{"line":747,"column":14}},"line":744},"73":{"name":"(anonymous_73)","decl":{"start":{"line":749,"column":16},"end":{"line":749,"column":17}},"loc":{"start":{"line":750,"column":12},"end":{"line":753,"column":14}},"line":750},"74":{"name":"(anonymous_74)","decl":{"start":{"line":755,"column":16},"end":{"line":755,"column":17}},"loc":{"start":{"line":756,"column":12},"end":{"line":759,"column":14}},"line":756},"75":{"name":"(anonymous_75)","decl":{"start":{"line":761,"column":16},"end":{"line":761,"column":17}},"loc":{"start":{"line":762,"column":12},"end":{"line":765,"column":14}},"line":762},"76":{"name":"(anonymous_76)","decl":{"start":{"line":768,"column":16},"end":{"line":768,"column":17}},"loc":{"start":{"line":769,"column":12},"end":{"line":779,"column":14}},"line":769},"77":{"name":"(anonymous_77)","decl":{"start":{"line":781,"column":16},"end":{"line":781,"column":17}},"loc":{"start":{"line":782,"column":12},"end":{"line":792,"column":14}},"line":782},"78":{"name":"(anonymous_78)","decl":{"start":{"line":794,"column":16},"end":{"line":794,"column":17}},"loc":{"start":{"line":795,"column":12},"end":{"line":805,"column":14}},"line":795},"79":{"name":"(anonymous_79)","decl":{"start":{"line":807,"column":16},"end":{"line":807,"column":17}},"loc":{"start":{"line":808,"column":12},"end":{"line":818,"column":14}},"line":808},"80":{"name":"(anonymous_80)","decl":{"start":{"line":820,"column":16},"end":{"line":820,"column":17}},"loc":{"start":{"line":821,"column":12},"end":{"line":831,"column":14}},"line":821},"81":{"name":"(anonymous_81)","decl":{"start":{"line":833,"column":16},"end":{"line":833,"column":17}},"loc":{"start":{"line":834,"column":12},"end":{"line":844,"column":14}},"line":834},"82":{"name":"(anonymous_82)","decl":{"start":{"line":846,"column":16},"end":{"line":846,"column":17}},"loc":{"start":{"line":847,"column":12},"end":{"line":857,"column":14}},"line":847},"83":{"name":"(anonymous_83)","decl":{"start":{"line":860,"column":16},"end":{"line":860,"column":17}},"loc":{"start":{"line":861,"column":12},"end":{"line":863,"column":14}},"line":861},"84":{"name":"(anonymous_84)","decl":{"start":{"line":865,"column":16},"end":{"line":865,"column":17}},"loc":{"start":{"line":866,"column":12},"end":{"line":868,"column":14}},"line":866},"85":{"name":"(anonymous_85)","decl":{"start":{"line":870,"column":16},"end":{"line":870,"column":17}},"loc":{"start":{"line":871,"column":12},"end":{"line":873,"column":14}},"line":871},"86":{"name":"(anonymous_86)","decl":{"start":{"line":876,"column":16},"end":{"line":876,"column":17}},"loc":{"start":{"line":877,"column":12},"end":{"line":879,"column":14}},"line":877},"87":{"name":"(anonymous_87)","decl":{"start":{"line":881,"column":16},"end":{"line":881,"column":17}},"loc":{"start":{"line":882,"column":12},"end":{"line":884,"column":14}},"line":882},"88":{"name":"(anonymous_88)","decl":{"start":{"line":886,"column":16},"end":{"line":886,"column":17}},"loc":{"start":{"line":887,"column":12},"end":{"line":889,"column":14}},"line":887},"89":{"name":"(anonymous_89)","decl":{"start":{"line":892,"column":16},"end":{"line":892,"column":17}},"loc":{"start":{"line":893,"column":12},"end":{"line":902,"column":14}},"line":893},"90":{"name":"(anonymous_90)","decl":{"start":{"line":904,"column":16},"end":{"line":904,"column":17}},"loc":{"start":{"line":905,"column":12},"end":{"line":914,"column":14}},"line":905},"91":{"name":"(anonymous_91)","decl":{"start":{"line":917,"column":16},"end":{"line":917,"column":17}},"loc":{"start":{"line":918,"column":12},"end":{"line":923,"column":14}},"line":918},"92":{"name":"(anonymous_92)","decl":{"start":{"line":926,"column":16},"end":{"line":926,"column":17}},"loc":{"start":{"line":927,"column":12},"end":{"line":931,"column":14}},"line":927},"93":{"name":"(anonymous_93)","decl":{"start":{"line":934,"column":16},"end":{"line":934,"column":17}},"loc":{"start":{"line":935,"column":12},"end":{"line":939,"column":14}},"line":935},"94":{"name":"(anonymous_94)","decl":{"start":{"line":942,"column":16},"end":{"line":942,"column":17}},"loc":{"start":{"line":943,"column":12},"end":{"line":948,"column":14}},"line":943},"95":{"name":"(anonymous_95)","decl":{"start":{"line":952,"column":2},"end":{"line":952,"column":3}},"loc":{"start":{"line":952,"column":9},"end":{"line":955,"column":3}},"line":952}},"branchMap":{"0":{"loc":{"start":{"line":8,"column":2},"end":{"line":8,"column":63}},"type":"cond-expr","locations":[{"start":{"line":8,"column":19},"end":{"line":8,"column":41}},{"start":{"line":8,"column":44},"end":{"line":8,"column":63}}],"line":8},"1":{"loc":{"start":{"line":9,"column":2},"end":{"line":9,"column":65}},"type":"cond-expr","locations":[{"start":{"line":9,"column":19},"end":{"line":9,"column":43}},{"start":{"line":9,"column":46},"end":{"line":9,"column":65}}],"line":9},"2":{"loc":{"start":{"line":10,"column":2},"end":{"line":10,"column":63}},"type":"cond-expr","locations":[{"start":{"line":10,"column":19},"end":{"line":10,"column":43}},{"start":{"line":10,"column":46},"end":{"line":10,"column":63}}],"line":10},"3":{"loc":{"start":{"line":12,"column":10},"end":{"line":12,"column":73}},"type":"cond-expr","locations":[{"start":{"line":12,"column":27},"end":{"line":12,"column":51}},{"start":{"line":12,"column":54},"end":{"line":12,"column":73}}],"line":12},"4":{"loc":{"start":{"line":195,"column":0},"end":{"line":198,"column":59}},"type":"if","locations":[{"start":{"line":195,"column":0},"end":{"line":198,"column":59}},{"start":{"line":195,"column":0},"end":{"line":198,"column":59}}],"line":195},"5":{"loc":{"start":{"line":200,"column":42},"end":{"line":200,"column":67}},"type":"cond-expr","locations":[{"start":{"line":200,"column":55},"end":{"line":200,"column":60}},{"start":{"line":200,"column":63},"end":{"line":200,"column":67}}],"line":200},"6":{"loc":{"start":{"line":202,"column":4},"end":{"line":950,"column":8}},"type":"if","locations":[{"start":{"line":202,"column":4},"end":{"line":950,"column":8}},{"start":{"line":202,"column":4},"end":{"line":950,"column":8}}],"line":202}},"s":{"0":11,"1":11,"2":11,"3":11,"4":11,"5":11,"6":11,"7":11,"8":11,"9":11,"10":11,"11":11,"12":11,"13":11,"14":11,"15":11,"16":11,"17":11,"18":11,"19":11,"20":11,"21":11,"22":11,"23":11,"24":11,"25":11,"26":11,"27":11,"28":11,"29":11,"30":11,"31":0,"32":11,"33":11,"34":10,"35":0,"36":0,"37":0,"38":0,"39":0,"40":0,"41":0,"42":0,"43":0,"44":0,"45":0,"46":0,"47":0,"48":0,"49":0,"50":0,"51":0,"52":0,"53":0,"54":0,"55":0,"56":0,"57":0,"58":0,"59":0,"60":0,"61":0,"62":0,"63":0,"64":0,"65":0,"66":0,"67":0,"68":0,"69":0,"70":0,"71":0,"72":0,"73":0,"74":0,"75":0,"76":0,"77":0,"78":0,"79":0,"80":0,"81":0,"82":0,"83":0,"84":0,"85":0,"86":0,"87":0,"88":0,"89":0,"90":0,"91":0,"92":0,"93":0,"94":0,"95":0,"96":0,"97":0,"98":0,"99":0,"100":0,"101":0,"102":0,"103":0,"104":0,"105":0,"106":0,"107":0,"108":0,"109":0,"110":0,"111":0,"112":0,"113":0,"114":0,"115":0,"116":0,"117":0,"118":0,"119":0,"120":0,"121":0,"122":0,"123":0,"124":0,"125":0,"126":0,"127":0,"128":0,"129":0,"130":0,"131":0},"f":{"0":10,"1":0,"2":0,"3":0,"4":0,"5":0,"6":0,"7":0,"8":0,"9":0,"10":0,"11":0,"12":0,"13":0,"14":0,"15":0,"16":0,"17":0,"18":0,"19":0,"20":0,"21":0,"22":0,"23":0,"24":0,"25":0,"26":0,"27":0,"28":0,"29":0,"30":0,"31":0,"32":0,"33":0,"34":0,"35":0,"36":0,"37":0,"38":0,"39":0,"40":0,"41":0,"42":0,"43":0,"44":0,"45":0,"46":0,"47":0,"48":0,"49":0,"50":0,"51":0,"52":0,"53":0,"54":0,"55":0,"56":0,"57":0,"58":0,"59":0,"60":0,"61":0,"62":0,"63":0,"64":0,"65":0,"66":0,"67":0,"68":0,"69":0,"70":0,"71":0,"72":0,"73":0,"74":0,"75":0,"76":0,"77":0,"78":0,"79":0,"80":0,"81":0,"82":0,"83":0,"84":0,"85":0,"86":0,"87":0,"88":0,"89":0,"90":0,"91":0,"92":0,"93":0,"94":0,"95":0},"b":{"0":[0,11],"1":[0,11],"2":[0,11],"3":[0,11],"4":[0,11],"5":[11,0],"6":[0,10]},"_coverageSchema":"332fd63041d2c1bcb487cc26dd0d5f7d97098a6c","hash":"99367048a52bd157514c9317192849923f6d14df"}
,"C:\\Users\\Ørjan\\Documents\\hverdagshelt-team-6\\server\\src\\server.js": {"path":"C:\\Users\\Ørjan\\Documents\\hverdagshelt-team-6\\server\\src\\server.js","statementMap":{"0":{"start":{"line":7,"column":15},"end":{"line":7,"column":32}},"1":{"start":{"line":27,"column":20},"end":{"line":27,"column":42}},"2":{"start":{"line":32,"column":20},"end":{"line":32,"column":64}},"3":{"start":{"line":34,"column":16},"end":{"line":34,"column":37}},"4":{"start":{"line":35,"column":0},"end":{"line":35,"column":33}},"5":{"start":{"line":36,"column":10},"end":{"line":36,"column":23}},"6":{"start":{"line":38,"column":0},"end":{"line":38,"column":37}},"7":{"start":{"line":39,"column":0},"end":{"line":39,"column":24}},"8":{"start":{"line":40,"column":0},"end":{"line":40,"column":23}},"9":{"start":{"line":42,"column":16},"end":{"line":52,"column":2}},"10":{"start":{"line":45,"column":4},"end":{"line":50,"column":7}},"11":{"start":{"line":46,"column":6},"end":{"line":46,"column":38}},"12":{"start":{"line":47,"column":6},"end":{"line":47,"column":36}},"13":{"start":{"line":47,"column":15},"end":{"line":47,"column":36}},"14":{"start":{"line":48,"column":6},"end":{"line":48,"column":37}},"15":{"start":{"line":49,"column":6},"end":{"line":49,"column":76}},"16":{"start":{"line":54,"column":13},"end":{"line":54,"column":41}},"17":{"start":{"line":56,"column":0},"end":{"line":56,"column":89}},"18":{"start":{"line":56,"column":46},"end":{"line":56,"column":87}},"19":{"start":{"line":60,"column":11},"end":{"line":60,"column":32}},"20":{"start":{"line":62,"column":0},"end":{"line":64,"column":3}},"21":{"start":{"line":63,"column":2},"end":{"line":63,"column":17}},"22":{"start":{"line":66,"column":0},"end":{"line":71,"column":3}},"23":{"start":{"line":67,"column":2},"end":{"line":69,"column":5}},"24":{"start":{"line":68,"column":4},"end":{"line":68,"column":69}},"25":{"start":{"line":70,"column":2},"end":{"line":70,"column":25}},"26":{"start":{"line":73,"column":0},"end":{"line":75,"column":3}},"27":{"start":{"line":74,"column":2},"end":{"line":74,"column":26}},"28":{"start":{"line":77,"column":0},"end":{"line":82,"column":3}},"29":{"start":{"line":78,"column":2},"end":{"line":81,"column":5}},"30":{"start":{"line":79,"column":4},"end":{"line":79,"column":48}},"31":{"start":{"line":80,"column":4},"end":{"line":80,"column":31}},"32":{"start":{"line":84,"column":0},"end":{"line":93,"column":3}},"33":{"start":{"line":85,"column":2},"end":{"line":85,"column":34}},"34":{"start":{"line":87,"column":2},"end":{"line":92,"column":4}},"35":{"start":{"line":88,"column":4},"end":{"line":88,"column":26}},"36":{"start":{"line":89,"column":4},"end":{"line":91,"column":7}},"37":{"start":{"line":90,"column":6},"end":{"line":90,"column":28}},"38":{"start":{"line":95,"column":0},"end":{"line":95,"column":89}},"39":{"start":{"line":95,"column":46},"end":{"line":95,"column":87}},"40":{"start":{"line":99,"column":0},"end":{"line":101,"column":3}},"41":{"start":{"line":100,"column":2},"end":{"line":100,"column":74}},"42":{"start":{"line":103,"column":0},"end":{"line":105,"column":3}},"43":{"start":{"line":104,"column":2},"end":{"line":104,"column":78}},"44":{"start":{"line":107,"column":0},"end":{"line":109,"column":3}},"45":{"start":{"line":108,"column":2},"end":{"line":108,"column":71}},"46":{"start":{"line":111,"column":0},"end":{"line":113,"column":3}},"47":{"start":{"line":112,"column":2},"end":{"line":112,"column":74}},"48":{"start":{"line":115,"column":0},"end":{"line":117,"column":3}},"49":{"start":{"line":116,"column":2},"end":{"line":116,"column":71}},"50":{"start":{"line":119,"column":0},"end":{"line":121,"column":3}},"51":{"start":{"line":120,"column":2},"end":{"line":120,"column":91}},"52":{"start":{"line":125,"column":0},"end":{"line":125,"column":84}},"53":{"start":{"line":125,"column":55},"end":{"line":125,"column":82}},"54":{"start":{"line":127,"column":0},"end":{"line":127,"column":71}},"55":{"start":{"line":129,"column":0},"end":{"line":129,"column":92}},"56":{"start":{"line":129,"column":64},"end":{"line":129,"column":90}},"57":{"start":{"line":131,"column":0},"end":{"line":133,"column":3}},"58":{"start":{"line":132,"column":2},"end":{"line":132,"column":48}},"59":{"start":{"line":135,"column":0},"end":{"line":142,"column":3}},"60":{"start":{"line":136,"column":2},"end":{"line":136,"column":48}},"61":{"start":{"line":144,"column":0},"end":{"line":146,"column":3}},"62":{"start":{"line":145,"column":2},"end":{"line":145,"column":56}},"63":{"start":{"line":148,"column":0},"end":{"line":150,"column":3}},"64":{"start":{"line":149,"column":2},"end":{"line":149,"column":51}},"65":{"start":{"line":152,"column":0},"end":{"line":154,"column":3}},"66":{"start":{"line":153,"column":2},"end":{"line":153,"column":49}},"67":{"start":{"line":156,"column":0},"end":{"line":158,"column":3}},"68":{"start":{"line":157,"column":2},"end":{"line":157,"column":25}},"69":{"start":{"line":162,"column":0},"end":{"line":164,"column":3}},"70":{"start":{"line":163,"column":2},"end":{"line":163,"column":38}},"71":{"start":{"line":166,"column":0},"end":{"line":168,"column":3}},"72":{"start":{"line":167,"column":2},"end":{"line":167,"column":52}},"73":{"start":{"line":170,"column":0},"end":{"line":172,"column":3}},"74":{"start":{"line":171,"column":2},"end":{"line":171,"column":55}},"75":{"start":{"line":174,"column":0},"end":{"line":176,"column":3}},"76":{"start":{"line":175,"column":2},"end":{"line":175,"column":52}},"77":{"start":{"line":180,"column":0},"end":{"line":182,"column":3}},"78":{"start":{"line":181,"column":2},"end":{"line":181,"column":34}},"79":{"start":{"line":184,"column":0},"end":{"line":186,"column":3}},"80":{"start":{"line":185,"column":2},"end":{"line":185,"column":48}},"81":{"start":{"line":188,"column":0},"end":{"line":190,"column":3}},"82":{"start":{"line":189,"column":2},"end":{"line":189,"column":51}},"83":{"start":{"line":192,"column":0},"end":{"line":194,"column":3}},"84":{"start":{"line":193,"column":2},"end":{"line":193,"column":48}},"85":{"start":{"line":196,"column":0},"end":{"line":198,"column":3}},"86":{"start":{"line":197,"column":2},"end":{"line":197,"column":38}},"87":{"start":{"line":202,"column":0},"end":{"line":204,"column":3}},"88":{"start":{"line":203,"column":2},"end":{"line":203,"column":54}},"89":{"start":{"line":206,"column":0},"end":{"line":208,"column":3}},"90":{"start":{"line":207,"column":2},"end":{"line":207,"column":51}},"91":{"start":{"line":212,"column":0},"end":{"line":214,"column":3}},"92":{"start":{"line":213,"column":2},"end":{"line":213,"column":79}},"93":{"start":{"line":216,"column":0},"end":{"line":219,"column":3}},"94":{"start":{"line":217,"column":2},"end":{"line":217,"column":24}},"95":{"start":{"line":218,"column":2},"end":{"line":218,"column":76}},"96":{"start":{"line":221,"column":0},"end":{"line":223,"column":3}},"97":{"start":{"line":222,"column":2},"end":{"line":222,"column":79}},"98":{"start":{"line":225,"column":0},"end":{"line":227,"column":3}},"99":{"start":{"line":226,"column":2},"end":{"line":226,"column":76}},"100":{"start":{"line":231,"column":0},"end":{"line":233,"column":3}},"101":{"start":{"line":232,"column":2},"end":{"line":232,"column":33}},"102":{"start":{"line":235,"column":0},"end":{"line":237,"column":3}},"103":{"start":{"line":236,"column":2},"end":{"line":236,"column":48}},"104":{"start":{"line":239,"column":0},"end":{"line":241,"column":3}},"105":{"start":{"line":240,"column":2},"end":{"line":240,"column":29}},"106":{"start":{"line":243,"column":0},"end":{"line":245,"column":3}},"107":{"start":{"line":244,"column":2},"end":{"line":244,"column":51}},"108":{"start":{"line":247,"column":0},"end":{"line":249,"column":3}},"109":{"start":{"line":248,"column":2},"end":{"line":248,"column":48}},"110":{"start":{"line":251,"column":0},"end":{"line":253,"column":3}},"111":{"start":{"line":252,"column":2},"end":{"line":252,"column":41}},"112":{"start":{"line":255,"column":0},"end":{"line":257,"column":3}},"113":{"start":{"line":256,"column":2},"end":{"line":256,"column":53}},"114":{"start":{"line":261,"column":0},"end":{"line":263,"column":3}},"115":{"start":{"line":262,"column":2},"end":{"line":262,"column":48}},"116":{"start":{"line":265,"column":0},"end":{"line":267,"column":3}},"117":{"start":{"line":266,"column":2},"end":{"line":266,"column":44}},"118":{"start":{"line":269,"column":0},"end":{"line":271,"column":3}},"119":{"start":{"line":270,"column":2},"end":{"line":270,"column":47}},"120":{"start":{"line":273,"column":0},"end":{"line":275,"column":3}},"121":{"start":{"line":274,"column":2},"end":{"line":274,"column":44}},"122":{"start":{"line":279,"column":0},"end":{"line":281,"column":3}},"123":{"start":{"line":280,"column":2},"end":{"line":280,"column":60}},"124":{"start":{"line":283,"column":0},"end":{"line":285,"column":3}},"125":{"start":{"line":284,"column":2},"end":{"line":284,"column":60}},"126":{"start":{"line":287,"column":0},"end":{"line":289,"column":3}},"127":{"start":{"line":288,"column":2},"end":{"line":288,"column":64}},"128":{"start":{"line":291,"column":0},"end":{"line":293,"column":3}},"129":{"start":{"line":292,"column":2},"end":{"line":292,"column":68}},"130":{"start":{"line":295,"column":0},"end":{"line":297,"column":3}},"131":{"start":{"line":296,"column":2},"end":{"line":296,"column":68}},"132":{"start":{"line":299,"column":0},"end":{"line":301,"column":3}},"133":{"start":{"line":300,"column":2},"end":{"line":300,"column":64}},"134":{"start":{"line":305,"column":0},"end":{"line":307,"column":3}},"135":{"start":{"line":306,"column":2},"end":{"line":306,"column":34}},"136":{"start":{"line":309,"column":0},"end":{"line":311,"column":3}},"137":{"start":{"line":310,"column":2},"end":{"line":310,"column":48}},"138":{"start":{"line":313,"column":0},"end":{"line":315,"column":3}},"139":{"start":{"line":314,"column":2},"end":{"line":314,"column":51}},"140":{"start":{"line":317,"column":0},"end":{"line":319,"column":3}},"141":{"start":{"line":318,"column":2},"end":{"line":318,"column":48}},"142":{"start":{"line":323,"column":0},"end":{"line":325,"column":3}},"143":{"start":{"line":324,"column":2},"end":{"line":324,"column":48}},"144":{"start":{"line":327,"column":0},"end":{"line":334,"column":3}},"145":{"start":{"line":328,"column":2},"end":{"line":328,"column":64}},"146":{"start":{"line":329,"column":2},"end":{"line":333,"column":3}},"147":{"start":{"line":330,"column":4},"end":{"line":332,"column":6}},"148":{"start":{"line":331,"column":6},"end":{"line":331,"column":67}},"149":{"start":{"line":336,"column":0},"end":{"line":338,"column":3}},"150":{"start":{"line":337,"column":2},"end":{"line":337,"column":67}},"151":{"start":{"line":340,"column":0},"end":{"line":342,"column":3}},"152":{"start":{"line":341,"column":2},"end":{"line":341,"column":64}},"153":{"start":{"line":346,"column":0},"end":{"line":348,"column":3}},"154":{"start":{"line":347,"column":2},"end":{"line":347,"column":49}},"155":{"start":{"line":350,"column":0},"end":{"line":353,"column":3}},"156":{"start":{"line":351,"column":2},"end":{"line":351,"column":24}},"157":{"start":{"line":352,"column":2},"end":{"line":352,"column":29}},"158":{"start":{"line":355,"column":0},"end":{"line":357,"column":3}},"159":{"start":{"line":356,"column":2},"end":{"line":356,"column":48}},"160":{"start":{"line":359,"column":0},"end":{"line":361,"column":3}},"161":{"start":{"line":360,"column":2},"end":{"line":360,"column":51}},"162":{"start":{"line":363,"column":0},"end":{"line":365,"column":3}},"163":{"start":{"line":364,"column":2},"end":{"line":364,"column":51}},"164":{"start":{"line":367,"column":0},"end":{"line":369,"column":3}},"165":{"start":{"line":368,"column":2},"end":{"line":368,"column":52}},"166":{"start":{"line":371,"column":0},"end":{"line":373,"column":3}},"167":{"start":{"line":372,"column":2},"end":{"line":372,"column":42}},"168":{"start":{"line":375,"column":0},"end":{"line":377,"column":3}},"169":{"start":{"line":376,"column":2},"end":{"line":376,"column":67}},"170":{"start":{"line":379,"column":0},"end":{"line":381,"column":3}},"171":{"start":{"line":380,"column":2},"end":{"line":380,"column":100}},"172":{"start":{"line":380,"column":38},"end":{"line":380,"column":98}},"173":{"start":{"line":380,"column":67},"end":{"line":380,"column":96}},"174":{"start":{"line":383,"column":0},"end":{"line":385,"column":3}},"175":{"start":{"line":384,"column":2},"end":{"line":384,"column":20}},"176":{"start":{"line":388,"column":0},"end":{"line":391,"column":1}},"177":{"start":{"line":389,"column":21},"end":{"line":389,"column":32}},"178":{"start":{"line":390,"column":2},"end":{"line":390,"column":53}},"179":{"start":{"line":390,"column":30},"end":{"line":390,"column":51}},"180":{"start":{"line":393,"column":25},"end":{"line":393,"column":28}},"181":{"start":{"line":396,"column":20},"end":{"line":402,"column":2}},"182":{"start":{"line":397,"column":2},"end":{"line":401,"column":5}},"183":{"start":{"line":398,"column":4},"end":{"line":398,"column":37}},"184":{"start":{"line":398,"column":15},"end":{"line":398,"column":37}},"185":{"start":{"line":399,"column":4},"end":{"line":399,"column":47}},"186":{"start":{"line":400,"column":4},"end":{"line":400,"column":14}}},"fnMap":{"0":{"name":"(anonymous_0)","decl":{"start":{"line":44,"column":12},"end":{"line":44,"column":13}},"loc":{"start":{"line":44,"column":42},"end":{"line":51,"column":3}},"line":44},"1":{"name":"(anonymous_1)","decl":{"start":{"line":45,"column":33},"end":{"line":45,"column":34}},"loc":{"start":{"line":45,"column":47},"end":{"line":50,"column":5}},"line":45},"2":{"name":"(anonymous_2)","decl":{"start":{"line":56,"column":13},"end":{"line":56,"column":14}},"loc":{"start":{"line":56,"column":46},"end":{"line":56,"column":87}},"line":56},"3":{"name":"(anonymous_3)","decl":{"start":{"line":62,"column":21},"end":{"line":62,"column":22}},"loc":{"start":{"line":62,"column":39},"end":{"line":64,"column":1}},"line":62},"4":{"name":"(anonymous_4)","decl":{"start":{"line":66,"column":23},"end":{"line":66,"column":24}},"loc":{"start":{"line":66,"column":56},"end":{"line":71,"column":1}},"line":66},"5":{"name":"(anonymous_5)","decl":{"start":{"line":67,"column":23},"end":{"line":67,"column":24}},"loc":{"start":{"line":67,"column":41},"end":{"line":69,"column":3}},"line":67},"6":{"name":"(anonymous_6)","decl":{"start":{"line":73,"column":24},"end":{"line":73,"column":25}},"loc":{"start":{"line":73,"column":57},"end":{"line":75,"column":1}},"line":73},"7":{"name":"(anonymous_7)","decl":{"start":{"line":77,"column":24},"end":{"line":77,"column":25}},"loc":{"start":{"line":77,"column":57},"end":{"line":82,"column":1}},"line":77},"8":{"name":"(anonymous_8)","decl":{"start":{"line":78,"column":30},"end":{"line":78,"column":31}},"loc":{"start":{"line":78,"column":44},"end":{"line":81,"column":3}},"line":78},"9":{"name":"(anonymous_9)","decl":{"start":{"line":84,"column":12},"end":{"line":84,"column":13}},"loc":{"start":{"line":84,"column":30},"end":{"line":93,"column":1}},"line":84},"10":{"name":"(anonymous_10)","decl":{"start":{"line":87,"column":17},"end":{"line":87,"column":18}},"loc":{"start":{"line":87,"column":31},"end":{"line":92,"column":3}},"line":87},"11":{"name":"(anonymous_11)","decl":{"start":{"line":89,"column":25},"end":{"line":89,"column":26}},"loc":{"start":{"line":89,"column":43},"end":{"line":91,"column":5}},"line":89},"12":{"name":"(anonymous_12)","decl":{"start":{"line":95,"column":13},"end":{"line":95,"column":14}},"loc":{"start":{"line":95,"column":46},"end":{"line":95,"column":87}},"line":95},"13":{"name":"(anonymous_13)","decl":{"start":{"line":99,"column":45},"end":{"line":99,"column":46}},"loc":{"start":{"line":99,"column":78},"end":{"line":101,"column":1}},"line":99},"14":{"name":"(anonymous_14)","decl":{"start":{"line":103,"column":51},"end":{"line":103,"column":52}},"loc":{"start":{"line":103,"column":84},"end":{"line":105,"column":1}},"line":103},"15":{"name":"(anonymous_15)","decl":{"start":{"line":107,"column":42},"end":{"line":107,"column":43}},"loc":{"start":{"line":107,"column":75},"end":{"line":109,"column":1}},"line":107},"16":{"name":"(anonymous_16)","decl":{"start":{"line":111,"column":41},"end":{"line":111,"column":42}},"loc":{"start":{"line":111,"column":74},"end":{"line":113,"column":1}},"line":111},"17":{"name":"(anonymous_17)","decl":{"start":{"line":115,"column":53},"end":{"line":115,"column":54}},"loc":{"start":{"line":115,"column":86},"end":{"line":117,"column":1}},"line":115},"18":{"name":"(anonymous_18)","decl":{"start":{"line":119,"column":65},"end":{"line":119,"column":66}},"loc":{"start":{"line":119,"column":98},"end":{"line":121,"column":1}},"line":119},"19":{"name":"(anonymous_19)","decl":{"start":{"line":125,"column":22},"end":{"line":125,"column":23}},"loc":{"start":{"line":125,"column":55},"end":{"line":125,"column":82}},"line":125},"20":{"name":"(anonymous_20)","decl":{"start":{"line":129,"column":31},"end":{"line":129,"column":32}},"loc":{"start":{"line":129,"column":64},"end":{"line":129,"column":90}},"line":129},"21":{"name":"(anonymous_21)","decl":{"start":{"line":131,"column":31},"end":{"line":131,"column":32}},"loc":{"start":{"line":131,"column":64},"end":{"line":133,"column":1}},"line":131},"22":{"name":"(anonymous_22)","decl":{"start":{"line":135,"column":34},"end":{"line":135,"column":35}},"loc":{"start":{"line":135,"column":67},"end":{"line":142,"column":1}},"line":135},"23":{"name":"(anonymous_23)","decl":{"start":{"line":144,"column":42},"end":{"line":144,"column":43}},"loc":{"start":{"line":144,"column":75},"end":{"line":146,"column":1}},"line":144},"24":{"name":"(anonymous_24)","decl":{"start":{"line":148,"column":61},"end":{"line":148,"column":62}},"loc":{"start":{"line":148,"column":100},"end":{"line":150,"column":1}},"line":148},"25":{"name":"(anonymous_25)","decl":{"start":{"line":152,"column":46},"end":{"line":152,"column":47}},"loc":{"start":{"line":152,"column":85},"end":{"line":154,"column":1}},"line":152},"26":{"name":"(anonymous_26)","decl":{"start":{"line":156,"column":35},"end":{"line":156,"column":36}},"loc":{"start":{"line":156,"column":68},"end":{"line":158,"column":1}},"line":156},"27":{"name":"(anonymous_27)","decl":{"start":{"line":162,"column":27},"end":{"line":162,"column":28}},"loc":{"start":{"line":162,"column":60},"end":{"line":164,"column":1}},"line":162},"28":{"name":"(anonymous_28)","decl":{"start":{"line":166,"column":28},"end":{"line":166,"column":29}},"loc":{"start":{"line":166,"column":61},"end":{"line":168,"column":1}},"line":166},"29":{"name":"(anonymous_29)","decl":{"start":{"line":170,"column":40},"end":{"line":170,"column":41}},"loc":{"start":{"line":170,"column":73},"end":{"line":172,"column":1}},"line":170},"30":{"name":"(anonymous_30)","decl":{"start":{"line":174,"column":43},"end":{"line":174,"column":44}},"loc":{"start":{"line":174,"column":76},"end":{"line":176,"column":1}},"line":174},"31":{"name":"(anonymous_31)","decl":{"start":{"line":180,"column":25},"end":{"line":180,"column":26}},"loc":{"start":{"line":180,"column":58},"end":{"line":182,"column":1}},"line":180},"32":{"name":"(anonymous_32)","decl":{"start":{"line":184,"column":26},"end":{"line":184,"column":27}},"loc":{"start":{"line":184,"column":59},"end":{"line":186,"column":1}},"line":184},"33":{"name":"(anonymous_33)","decl":{"start":{"line":188,"column":36},"end":{"line":188,"column":37}},"loc":{"start":{"line":188,"column":69},"end":{"line":190,"column":1}},"line":188},"34":{"name":"(anonymous_34)","decl":{"start":{"line":192,"column":39},"end":{"line":192,"column":40}},"loc":{"start":{"line":192,"column":72},"end":{"line":194,"column":1}},"line":192},"35":{"name":"(anonymous_35)","decl":{"start":{"line":196,"column":38},"end":{"line":196,"column":39}},"loc":{"start":{"line":196,"column":71},"end":{"line":198,"column":1}},"line":196},"36":{"name":"(anonymous_36)","decl":{"start":{"line":202,"column":35},"end":{"line":202,"column":36}},"loc":{"start":{"line":202,"column":68},"end":{"line":204,"column":1}},"line":202},"37":{"name":"(anonymous_37)","decl":{"start":{"line":206,"column":49},"end":{"line":206,"column":50}},"loc":{"start":{"line":206,"column":82},"end":{"line":208,"column":1}},"line":206},"38":{"name":"(anonymous_38)","decl":{"start":{"line":212,"column":45},"end":{"line":212,"column":46}},"loc":{"start":{"line":212,"column":78},"end":{"line":214,"column":1}},"line":212},"39":{"name":"(anonymous_39)","decl":{"start":{"line":216,"column":46},"end":{"line":216,"column":47}},"loc":{"start":{"line":216,"column":79},"end":{"line":219,"column":1}},"line":216},"40":{"name":"(anonymous_40)","decl":{"start":{"line":221,"column":45},"end":{"line":221,"column":46}},"loc":{"start":{"line":221,"column":78},"end":{"line":223,"column":1}},"line":221},"41":{"name":"(anonymous_41)","decl":{"start":{"line":225,"column":48},"end":{"line":225,"column":49}},"loc":{"start":{"line":225,"column":81},"end":{"line":227,"column":1}},"line":225},"42":{"name":"(anonymous_42)","decl":{"start":{"line":231,"column":24},"end":{"line":231,"column":25}},"loc":{"start":{"line":231,"column":57},"end":{"line":233,"column":1}},"line":231},"43":{"name":"(anonymous_43)","decl":{"start":{"line":235,"column":25},"end":{"line":235,"column":26}},"loc":{"start":{"line":235,"column":58},"end":{"line":237,"column":1}},"line":235},"44":{"name":"(anonymous_44)","decl":{"start":{"line":239,"column":35},"end":{"line":239,"column":36}},"loc":{"start":{"line":239,"column":68},"end":{"line":241,"column":1}},"line":239},"45":{"name":"(anonymous_45)","decl":{"start":{"line":243,"column":35},"end":{"line":243,"column":36}},"loc":{"start":{"line":243,"column":68},"end":{"line":245,"column":1}},"line":243},"46":{"name":"(anonymous_46)","decl":{"start":{"line":247,"column":38},"end":{"line":247,"column":39}},"loc":{"start":{"line":247,"column":71},"end":{"line":249,"column":1}},"line":247},"47":{"name":"(anonymous_47)","decl":{"start":{"line":251,"column":44},"end":{"line":251,"column":45}},"loc":{"start":{"line":251,"column":77},"end":{"line":253,"column":1}},"line":251},"48":{"name":"(anonymous_48)","decl":{"start":{"line":255,"column":41},"end":{"line":255,"column":42}},"loc":{"start":{"line":255,"column":74},"end":{"line":257,"column":1}},"line":255},"49":{"name":"(anonymous_49)","decl":{"start":{"line":261,"column":22},"end":{"line":261,"column":23}},"loc":{"start":{"line":261,"column":55},"end":{"line":263,"column":1}},"line":261},"50":{"name":"(anonymous_50)","decl":{"start":{"line":265,"column":23},"end":{"line":265,"column":24}},"loc":{"start":{"line":265,"column":56},"end":{"line":267,"column":1}},"line":265},"51":{"name":"(anonymous_51)","decl":{"start":{"line":269,"column":31},"end":{"line":269,"column":32}},"loc":{"start":{"line":269,"column":64},"end":{"line":271,"column":1}},"line":269},"52":{"name":"(anonymous_52)","decl":{"start":{"line":273,"column":34},"end":{"line":273,"column":35}},"loc":{"start":{"line":273,"column":67},"end":{"line":275,"column":1}},"line":273},"53":{"name":"(anonymous_53)","decl":{"start":{"line":279,"column":35},"end":{"line":279,"column":36}},"loc":{"start":{"line":279,"column":68},"end":{"line":281,"column":1}},"line":279},"54":{"name":"(anonymous_54)","decl":{"start":{"line":283,"column":35},"end":{"line":283,"column":36}},"loc":{"start":{"line":283,"column":68},"end":{"line":285,"column":1}},"line":283},"55":{"name":"(anonymous_55)","decl":{"start":{"line":287,"column":39},"end":{"line":287,"column":40}},"loc":{"start":{"line":287,"column":72},"end":{"line":289,"column":1}},"line":287},"56":{"name":"(anonymous_56)","decl":{"start":{"line":291,"column":46},"end":{"line":291,"column":47}},"loc":{"start":{"line":291,"column":79},"end":{"line":293,"column":1}},"line":291},"57":{"name":"(anonymous_57)","decl":{"start":{"line":295,"column":46},"end":{"line":295,"column":47}},"loc":{"start":{"line":295,"column":79},"end":{"line":297,"column":1}},"line":295},"58":{"name":"(anonymous_58)","decl":{"start":{"line":299,"column":50},"end":{"line":299,"column":51}},"loc":{"start":{"line":299,"column":83},"end":{"line":301,"column":1}},"line":299},"59":{"name":"(anonymous_59)","decl":{"start":{"line":305,"column":25},"end":{"line":305,"column":26}},"loc":{"start":{"line":305,"column":58},"end":{"line":307,"column":1}},"line":305},"60":{"name":"(anonymous_60)","decl":{"start":{"line":309,"column":26},"end":{"line":309,"column":27}},"loc":{"start":{"line":309,"column":59},"end":{"line":311,"column":1}},"line":309},"61":{"name":"(anonymous_61)","decl":{"start":{"line":313,"column":36},"end":{"line":313,"column":37}},"loc":{"start":{"line":313,"column":69},"end":{"line":315,"column":1}},"line":313},"62":{"name":"(anonymous_62)","decl":{"start":{"line":317,"column":39},"end":{"line":317,"column":40}},"loc":{"start":{"line":317,"column":72},"end":{"line":319,"column":1}},"line":317},"63":{"name":"(anonymous_63)","decl":{"start":{"line":323,"column":47},"end":{"line":323,"column":48}},"loc":{"start":{"line":323,"column":80},"end":{"line":325,"column":1}},"line":323},"64":{"name":"(anonymous_64)","decl":{"start":{"line":327,"column":48},"end":{"line":327,"column":49}},"loc":{"start":{"line":327,"column":81},"end":{"line":334,"column":1}},"line":327},"65":{"name":"(anonymous_65)","decl":{"start":{"line":330,"column":25},"end":{"line":330,"column":26}},"loc":{"start":{"line":330,"column":35},"end":{"line":332,"column":5}},"line":330},"66":{"name":"(anonymous_66)","decl":{"start":{"line":336,"column":66},"end":{"line":336,"column":67}},"loc":{"start":{"line":336,"column":99},"end":{"line":338,"column":1}},"line":336},"67":{"name":"(anonymous_67)","decl":{"start":{"line":340,"column":69},"end":{"line":340,"column":70}},"loc":{"start":{"line":340,"column":102},"end":{"line":342,"column":1}},"line":340},"68":{"name":"(anonymous_68)","decl":{"start":{"line":346,"column":22},"end":{"line":346,"column":23}},"loc":{"start":{"line":346,"column":55},"end":{"line":348,"column":1}},"line":346},"69":{"name":"(anonymous_69)","decl":{"start":{"line":350,"column":23},"end":{"line":350,"column":24}},"loc":{"start":{"line":350,"column":56},"end":{"line":353,"column":1}},"line":350},"70":{"name":"(anonymous_70)","decl":{"start":{"line":355,"column":31},"end":{"line":355,"column":32}},"loc":{"start":{"line":355,"column":64},"end":{"line":357,"column":1}},"line":355},"71":{"name":"(anonymous_71)","decl":{"start":{"line":359,"column":31},"end":{"line":359,"column":32}},"loc":{"start":{"line":359,"column":64},"end":{"line":361,"column":1}},"line":359},"72":{"name":"(anonymous_72)","decl":{"start":{"line":363,"column":34},"end":{"line":363,"column":35}},"loc":{"start":{"line":363,"column":67},"end":{"line":365,"column":1}},"line":363},"73":{"name":"(anonymous_73)","decl":{"start":{"line":367,"column":40},"end":{"line":367,"column":41}},"loc":{"start":{"line":367,"column":79},"end":{"line":369,"column":1}},"line":367},"74":{"name":"(anonymous_74)","decl":{"start":{"line":371,"column":36},"end":{"line":371,"column":37}},"loc":{"start":{"line":371,"column":69},"end":{"line":373,"column":1}},"line":371},"75":{"name":"(anonymous_75)","decl":{"start":{"line":375,"column":52},"end":{"line":375,"column":53}},"loc":{"start":{"line":375,"column":85},"end":{"line":377,"column":1}},"line":375},"76":{"name":"(anonymous_76)","decl":{"start":{"line":379,"column":32},"end":{"line":379,"column":33}},"loc":{"start":{"line":379,"column":65},"end":{"line":381,"column":1}},"line":379},"77":{"name":"(anonymous_77)","decl":{"start":{"line":380,"column":29},"end":{"line":380,"column":30}},"loc":{"start":{"line":380,"column":38},"end":{"line":380,"column":98}},"line":380},"78":{"name":"(anonymous_78)","decl":{"start":{"line":380,"column":59},"end":{"line":380,"column":60}},"loc":{"start":{"line":380,"column":67},"end":{"line":380,"column":96}},"line":380},"79":{"name":"(anonymous_79)","decl":{"start":{"line":383,"column":14},"end":{"line":383,"column":15}},"loc":{"start":{"line":383,"column":28},"end":{"line":385,"column":1}},"line":383},"80":{"name":"(anonymous_80)","decl":{"start":{"line":390,"column":24},"end":{"line":390,"column":25}},"loc":{"start":{"line":390,"column":30},"end":{"line":390,"column":51}},"line":390},"81":{"name":"(anonymous_81)","decl":{"start":{"line":396,"column":38},"end":{"line":396,"column":39}},"loc":{"start":{"line":396,"column":59},"end":{"line":402,"column":1}},"line":396},"82":{"name":"(anonymous_82)","decl":{"start":{"line":397,"column":19},"end":{"line":397,"column":20}},"loc":{"start":{"line":397,"column":28},"end":{"line":401,"column":3}},"line":397}},"branchMap":{"0":{"loc":{"start":{"line":47,"column":6},"end":{"line":47,"column":36}},"type":"if","locations":[{"start":{"line":47,"column":6},"end":{"line":47,"column":36}},{"start":{"line":47,"column":6},"end":{"line":47,"column":36}}],"line":47},"1":{"loc":{"start":{"line":329,"column":2},"end":{"line":333,"column":3}},"type":"if","locations":[{"start":{"line":329,"column":2},"end":{"line":333,"column":3}},{"start":{"line":329,"column":2},"end":{"line":333,"column":3}}],"line":329},"2":{"loc":{"start":{"line":388,"column":0},"end":{"line":391,"column":1}},"type":"if","locations":[{"start":{"line":388,"column":0},"end":{"line":391,"column":1}},{"start":{"line":388,"column":0},"end":{"line":391,"column":1}}],"line":388},"3":{"loc":{"start":{"line":398,"column":4},"end":{"line":398,"column":37}},"type":"if","locations":[{"start":{"line":398,"column":4},"end":{"line":398,"column":37}},{"start":{"line":398,"column":4},"end":{"line":398,"column":37}}],"line":398}},"s":{"0":11,"1":11,"2":11,"3":11,"4":11,"5":11,"6":11,"7":11,"8":11,"9":11,"10":0,"11":0,"12":0,"13":0,"14":0,"15":0,"16":11,"17":11,"18":0,"19":11,"20":11,"21":0,"22":11,"23":16,"24":0,"25":16,"26":11,"27":0,"28":11,"29":0,"30":0,"31":0,"32":11,"33":0,"34":0,"35":0,"36":0,"37":0,"38":11,"39":0,"40":11,"41":4,"42":11,"43":4,"44":11,"45":6,"46":11,"47":5,"48":11,"49":4,"50":11,"51":4,"52":11,"53":1,"54":11,"55":11,"56":2,"57":11,"58":5,"59":11,"60":5,"61":11,"62":5,"63":11,"64":1,"65":11,"66":3,"67":11,"68":0,"69":11,"70":1,"71":11,"72":5,"73":11,"74":6,"75":11,"76":5,"77":11,"78":1,"79":11,"80":4,"81":11,"82":4,"83":11,"84":5,"85":11,"86":3,"87":11,"88":0,"89":11,"90":0,"91":11,"92":1,"93":11,"94":6,"95":6,"96":11,"97":5,"98":11,"99":5,"100":11,"101":1,"102":11,"103":4,"104":11,"105":3,"106":11,"107":5,"108":11,"109":3,"110":11,"111":2,"112":11,"113":2,"114":11,"115":3,"116":11,"117":5,"118":11,"119":5,"120":11,"121":5,"122":11,"123":0,"124":11,"125":0,"126":11,"127":0,"128":11,"129":0,"130":11,"131":0,"132":11,"133":0,"134":11,"135":1,"136":11,"137":5,"138":11,"139":5,"140":11,"141":5,"142":11,"143":2,"144":11,"145":4,"146":4,"147":1,"148":0,"149":11,"150":4,"151":11,"152":4,"153":11,"154":3,"155":11,"156":3,"157":3,"158":11,"159":5,"160":11,"161":6,"162":11,"163":4,"164":11,"165":4,"166":11,"167":0,"168":11,"169":4,"170":11,"171":0,"172":0,"173":0,"174":11,"175":0,"176":11,"177":11,"178":11,"179":0,"180":11,"181":11,"182":11,"183":1,"184":0,"185":1,"186":1},"f":{"0":0,"1":0,"2":0,"3":0,"4":16,"5":0,"6":0,"7":0,"8":0,"9":0,"10":0,"11":0,"12":0,"13":4,"14":4,"15":6,"16":5,"17":4,"18":4,"19":1,"20":2,"21":5,"22":5,"23":5,"24":1,"25":3,"26":0,"27":1,"28":5,"29":6,"30":5,"31":1,"32":4,"33":4,"34":5,"35":3,"36":0,"37":0,"38":1,"39":6,"40":5,"41":5,"42":1,"43":4,"44":3,"45":5,"46":3,"47":2,"48":2,"49":3,"50":5,"51":5,"52":5,"53":0,"54":0,"55":0,"56":0,"57":0,"58":0,"59":1,"60":5,"61":5,"62":5,"63":2,"64":4,"65":0,"66":4,"67":4,"68":3,"69":3,"70":5,"71":6,"72":4,"73":4,"74":0,"75":4,"76":0,"77":0,"78":0,"79":0,"80":0,"81":11,"82":1},"b":{"0":[0,0],"1":[1,3],"2":[11,0],"3":[0,1]},"_coverageSchema":"332fd63041d2c1bcb487cc26dd0d5f7d97098a6c","hash":"e7b688cb532430c5a24928a509598c24afd7bcff"}
,"C:\\Users\\Ørjan\\Documents\\hverdagshelt-team-6\\server\\src\\routes\\Case_subscriptions.js": {"path":"C:\\Users\\Ørjan\\Documents\\hverdagshelt-team-6\\server\\src\\routes\\Case_subscriptions.js","statementMap":{"0":{"start":{"line":9,"column":0},"end":{"line":224,"column":2}},"1":{"start":{"line":17,"column":4},"end":{"line":18,"column":33}},"2":{"start":{"line":18,"column":6},"end":{"line":18,"column":33}},"3":{"start":{"line":20,"column":24},"end":{"line":20,"column":46}},"4":{"start":{"line":21,"column":24},"end":{"line":21,"column":45}},"5":{"start":{"line":22,"column":24},"end":{"line":22,"column":50}},"6":{"start":{"line":24,"column":4},"end":{"line":24,"column":103}},"7":{"start":{"line":24,"column":76},"end":{"line":24,"column":103}},"8":{"start":{"line":26,"column":4},"end":{"line":30,"column":38}},"9":{"start":{"line":30,"column":21},"end":{"line":30,"column":36}},"10":{"start":{"line":39,"column":4},"end":{"line":40,"column":33}},"11":{"start":{"line":40,"column":6},"end":{"line":40,"column":33}},"12":{"start":{"line":42,"column":24},"end":{"line":42,"column":46}},"13":{"start":{"line":43,"column":24},"end":{"line":43,"column":45}},"14":{"start":{"line":44,"column":24},"end":{"line":44,"column":50}},"15":{"start":{"line":46,"column":4},"end":{"line":46,"column":103}},"16":{"start":{"line":46,"column":76},"end":{"line":46,"column":103}},"17":{"start":{"line":48,"column":15},"end":{"line":48,"column":16}},"18":{"start":{"line":49,"column":16},"end":{"line":49,"column":18}},"19":{"start":{"line":51,"column":4},"end":{"line":54,"column":5}},"20":{"start":{"line":52,"column":6},"end":{"line":52,"column":36}},"21":{"start":{"line":53,"column":6},"end":{"line":53,"column":38}},"22":{"start":{"line":55,"column":22},"end":{"line":55,"column":40}},"23":{"start":{"line":57,"column":4},"end":{"line":85,"column":9}},"24":{"start":{"line":76,"column":20},"end":{"line":80,"column":10}},"25":{"start":{"line":77,"column":25},"end":{"line":77,"column":103}},"26":{"start":{"line":78,"column":10},"end":{"line":78,"column":48}},"27":{"start":{"line":78,"column":38},"end":{"line":78,"column":46}},"28":{"start":{"line":79,"column":10},"end":{"line":79,"column":19}},"29":{"start":{"line":81,"column":8},"end":{"line":81,"column":95}},"30":{"start":{"line":81,"column":47},"end":{"line":81,"column":92}},"31":{"start":{"line":84,"column":8},"end":{"line":84,"column":41}},"32":{"start":{"line":94,"column":4},"end":{"line":104,"column":33}},"33":{"start":{"line":104,"column":6},"end":{"line":104,"column":33}},"34":{"start":{"line":106,"column":24},"end":{"line":106,"column":46}},"35":{"start":{"line":107,"column":24},"end":{"line":107,"column":45}},"36":{"start":{"line":108,"column":24},"end":{"line":108,"column":40}},"37":{"start":{"line":110,"column":4},"end":{"line":110,"column":103}},"38":{"start":{"line":110,"column":76},"end":{"line":110,"column":103}},"39":{"start":{"line":112,"column":4},"end":{"line":123,"column":9}},"40":{"start":{"line":118,"column":23},"end":{"line":118,"column":70}},"41":{"start":{"line":120,"column":8},"end":{"line":120,"column":104}},"42":{"start":{"line":121,"column":8},"end":{"line":121,"column":34}},"43":{"start":{"line":122,"column":8},"end":{"line":122,"column":43}},"44":{"start":{"line":132,"column":4},"end":{"line":142,"column":33}},"45":{"start":{"line":142,"column":6},"end":{"line":142,"column":33}},"46":{"start":{"line":144,"column":24},"end":{"line":144,"column":46}},"47":{"start":{"line":145,"column":24},"end":{"line":145,"column":45}},"48":{"start":{"line":146,"column":24},"end":{"line":146,"column":40}},"49":{"start":{"line":147,"column":23},"end":{"line":149,"column":5}},"50":{"start":{"line":150,"column":4},"end":{"line":150,"column":102}},"51":{"start":{"line":150,"column":43},"end":{"line":150,"column":102}},"52":{"start":{"line":152,"column":4},"end":{"line":152,"column":103}},"53":{"start":{"line":152,"column":76},"end":{"line":152,"column":103}},"54":{"start":{"line":154,"column":4},"end":{"line":156,"column":73}},"55":{"start":{"line":156,"column":23},"end":{"line":156,"column":70}},"56":{"start":{"line":165,"column":4},"end":{"line":166,"column":33}},"57":{"start":{"line":166,"column":6},"end":{"line":166,"column":33}},"58":{"start":{"line":168,"column":24},"end":{"line":168,"column":46}},"59":{"start":{"line":169,"column":24},"end":{"line":169,"column":45}},"60":{"start":{"line":170,"column":24},"end":{"line":170,"column":50}},"61":{"start":{"line":172,"column":4},"end":{"line":172,"column":103}},"62":{"start":{"line":172,"column":76},"end":{"line":172,"column":103}},"63":{"start":{"line":174,"column":4},"end":{"line":176,"column":68}},"64":{"start":{"line":176,"column":22},"end":{"line":176,"column":65}},"65":{"start":{"line":185,"column":4},"end":{"line":186,"column":33}},"66":{"start":{"line":186,"column":6},"end":{"line":186,"column":33}},"67":{"start":{"line":188,"column":24},"end":{"line":188,"column":46}},"68":{"start":{"line":189,"column":24},"end":{"line":189,"column":45}},"69":{"start":{"line":190,"column":24},"end":{"line":190,"column":50}},"70":{"start":{"line":192,"column":4},"end":{"line":192,"column":103}},"71":{"start":{"line":192,"column":76},"end":{"line":192,"column":103}},"72":{"start":{"line":194,"column":4},"end":{"line":222,"column":9}},"73":{"start":{"line":213,"column":20},"end":{"line":217,"column":10}},"74":{"start":{"line":214,"column":25},"end":{"line":214,"column":103}},"75":{"start":{"line":215,"column":10},"end":{"line":215,"column":48}},"76":{"start":{"line":215,"column":38},"end":{"line":215,"column":46}},"77":{"start":{"line":216,"column":10},"end":{"line":216,"column":19}},"78":{"start":{"line":218,"column":8},"end":{"line":218,"column":95}},"79":{"start":{"line":218,"column":47},"end":{"line":218,"column":92}},"80":{"start":{"line":221,"column":8},"end":{"line":221,"column":41}}},"fnMap":{"0":{"name":"(anonymous_0)","decl":{"start":{"line":16,"column":28},"end":{"line":16,"column":29}},"loc":{"start":{"line":16,"column":66},"end":{"line":31,"column":3}},"line":16},"1":{"name":"(anonymous_1)","decl":{"start":{"line":30,"column":12},"end":{"line":30,"column":13}},"loc":{"start":{"line":30,"column":21},"end":{"line":30,"column":36}},"line":30},"2":{"name":"(anonymous_2)","decl":{"start":{"line":38,"column":32},"end":{"line":38,"column":33}},"loc":{"start":{"line":38,"column":76},"end":{"line":86,"column":3}},"line":38},"3":{"name":"(anonymous_3)","decl":{"start":{"line":75,"column":12},"end":{"line":75,"column":13}},"loc":{"start":{"line":75,"column":27},"end":{"line":82,"column":7}},"line":75},"4":{"name":"(anonymous_4)","decl":{"start":{"line":76,"column":30},"end":{"line":76,"column":31}},"loc":{"start":{"line":76,"column":41},"end":{"line":80,"column":9}},"line":76},"5":{"name":"(anonymous_5)","decl":{"start":{"line":78,"c
[...]
47,"column":6},"end":{"line":60,"column":45}},"type":"binary-expr","locations":[{"start":{"line":47,"column":6},"end":{"line":47,"column":15}},{"start":{"line":48,"column":6},"end":{"line":48,"column":44}},{"start":{"line":49,"column":6},"end":{"line":49,"column":43}},{"start":{"line":50,"column":6},"end":{"line":50,"column":38}},{"start":{"line":51,"column":6},"end":{"line":51,"column":40}},{"start":{"line":52,"column":6},"end":{"line":52,"column":43}},{"start":{"line":53,"column":6},"end":{"line":53,"column":44}},{"start":{"line":54,"column":6},"end":{"line":54,"column":42}},{"start":{"line":55,"column":6},"end":{"line":55,"column":42}},{"start":{"line":56,"column":6},"end":{"line":56,"column":41}},{"start":{"line":57,"column":6},"end":{"line":57,"column":37}},{"start":{"line":58,"column":6},"end":{"line":58,"column":38}},{"start":{"line":59,"column":6},"end":{"line":59,"column":44}},{"start":{"line":60,"column":6},"end":{"line":60,"column":45}}],"line":47},"3":{"loc":{"start":{"line":78,"column":4},"end":{"line":79,"column":60}},"type":"if","locations":[{"start":{"line":78,"column":4},"end":{"line":79,"column":60}},{"start":{"line":78,"column":4},"end":{"line":79,"column":60}}],"line":78},"4":{"loc":{"start":{"line":78,"column":8},"end":{"line":78,"column":69}},"type":"binary-expr","locations":[{"start":{"line":78,"column":8},"end":{"line":78,"column":17}},{"start":{"line":78,"column":21},"end":{"line":78,"column":69}}],"line":78},"5":{"loc":{"start":{"line":89,"column":8},"end":{"line":99,"column":9}},"type":"if","locations":[{"start":{"line":89,"column":8},"end":{"line":99,"column":9}},{"start":{"line":89,"column":8},"end":{"line":99,"column":9}}],"line":89},"6":{"loc":{"start":{"line":114,"column":4},"end":{"line":115,"column":33}},"type":"if","locations":[{"start":{"line":114,"column":4},"end":{"line":115,"column":33}},{"start":{"line":114,"column":4},"end":{"line":115,"column":33}}],"line":114},"7":{"loc":{"start":{"line":114,"column":8},"end":{"line":114,"column":111}},"type":"binary-expr","locations":[{"start":{"line":114,"column":8},"end":{"line":114,"column":18}},{"start":{"line":114,"column":22},"end":{"line":114,"column":41}},{"start":{"line":114,"column":45},"end":{"line":114,"column":78}},{"start":{"line":114,"column":82},"end":{"line":114,"column":111}}],"line":114},"8":{"loc":{"start":{"line":121,"column":4},"end":{"line":121,"column":103}},"type":"if","locations":[{"start":{"line":121,"column":4},"end":{"line":121,"column":103}},{"start":{"line":121,"column":4},"end":{"line":121,"column":103}}],"line":121},"9":{"loc":{"start":{"line":121,"column":8},"end":{"line":121,"column":74}},"type":"binary-expr","locations":[{"start":{"line":121,"column":8},"end":{"line":121,"column":39}},{"start":{"line":121,"column":43},"end":{"line":121,"column":74}}],"line":121},"10":{"loc":{"start":{"line":126,"column":21},"end":{"line":126,"column":64}},"type":"cond-expr","locations":[{"start":{"line":126,"column":28},"end":{"line":126,"column":42}},{"start":{"line":126,"column":45},"end":{"line":126,"column":64}}],"line":126},"11":{"loc":{"start":{"line":135,"column":4},"end":{"line":153,"column":33}},"type":"if","locations":[{"start":{"line":135,"column":4},"end":{"line":153,"column":33}},{"start":{"line":135,"column":4},"end":{"line":153,"column":33}}],"line":135},"12":{"loc":{"start":{"line":136,"column":6},"end":{"line":151,"column":45}},"type":"binary-expr","locations":[{"start":{"line":136,"column":6},"end":{"line":136,"column":16}},{"start":{"line":137,"column":6},"end":{"line":137,"column":25}},{"start":{"line":138,"column":6},"end":{"line":138,"column":15}},{"start":{"line":139,"column":6},"end":{"line":139,"column":39}},{"start":{"line":140,"column":6},"end":{"line":140,"column":35}},{"start":{"line":141,"column":6},"end":{"line":141,"column":44}},{"start":{"line":142,"column":6},"end":{"line":142,"column":43}},{"start":{"line":143,"column":6},"end":{"line":143,"column":38}},{"start":{"line":144,"column":6},"end":{"line":144,"column":40}},{"start":{"line":145,"column":6},"end":{"line":145,"column":44}},{"start":{"line":146,"column":6},"end":{"line":146,"column":42}},{"start":{"line":147,"column":6},"end":{"line":147,"column":42}},{"start":{"line":148,"column":6},"end":{"line":148,"column":41}},{"start":{"line":149,"column":6},"end":{"line":149,"column":37}},{"start":{"line":150,"column":6},"end":{"line":150,"column":38}},{"start":{"line":151,"column":6},"end":{"line":151,"column":45}}],"line":136},"13":{"loc":{"start":{"line":159,"column":4},"end":{"line":159,"column":103}},"type":"if","locations":[{"start":{"line":159,"column":4},"end":{"line":159,"column":103}},{"start":{"line":159,"column":4},"end":{"line":159,"column":103}}],"line":159},"14":{"loc":{"start":{"line":159,"column":8},"end":{"line":159,"column":74}},"type":"binary-expr","locations":[{"start":{"line":159,"column":8},"end":{"line":159,"column":39}},{"start":{"line":159,"column":43},"end":{"line":159,"column":74}}],"line":159},"15":{"loc":{"start":{"line":168,"column":4},"end":{"line":170,"column":5}},"type":"if","locations":[{"start":{"line":168,"column":4},"end":{"line":170,"column":5}},{"start":{"line":168,"column":4},"end":{"line":170,"column":5}}],"line":168},"16":{"loc":{"start":{"line":174,"column":8},"end":{"line":174,"column":47}},"type":"if","locations":[{"start":{"line":174,"column":8},"end":{"line":174,"column":47}},{"start":{"line":174,"column":8},"end":{"line":174,"column":47}}],"line":174},"17":{"loc":{"start":{"line":175,"column":8},"end":{"line":177,"column":9}},"type":"if","locations":[{"start":{"line":175,"column":8},"end":{"line":177,"column":9}},{"start":{"line":175,"column":8},"end":{"line":177,"column":9}}],"line":175},"18":{"loc":{"start":{"line":193,"column":4},"end":{"line":194,"column":33}},"type":"if","locations":[{"start":{"line":193,"column":4},"end":{"line":194,"column":33}},{"start":{"line":193,"column":4},"end":{"line":194,"column":33}}],"line":193},"19":{"loc":{"start":{"line":193,"column":8},"end":{"line":193,"column":111}},"type":"binary-expr","locations":[{"start":{"line":193,"column":8},"end":{"line":193,"column":18}},{"start":{"line":193,"column":22},"end":{"line":193,"column":41}},{"start":{"line":193,"column":45},"end":{"line":193,"column":78}},{"start":{"line":193,"column":82},"end":{"line":193,"column":111}}],"line":193},"20":{"loc":{"start":{"line":200,"column":4},"end":{"line":200,"column":103}},"type":"if","locations":[{"start":{"line":200,"column":4},"end":{"line":200,"column":103}},{"start":{"line":200,"column":4},"end":{"line":200,"column":103}}],"line":200},"21":{"loc":{"start":{"line":200,"column":8},"end":{"line":200,"column":74}},"type":"binary-expr","locations":[{"start":{"line":200,"column":8},"end":{"line":200,"column":39}},{"start":{"line":200,"column":43},"end":{"line":200,"column":74}}],"line":200},"22":{"loc":{"start":{"line":203,"column":21},"end":{"line":203,"column":63}},"type":"cond-expr","locations":[{"start":{"line":203,"column":28},"end":{"line":203,"column":38}},{"start":{"line":203,"column":41},"end":{"line":203,"column":63}}],"line":203},"23":{"loc":{"start":{"line":229,"column":4},"end":{"line":239,"column":33}},"type":"if","locations":[{"start":{"line":229,"column":4},"end":{"line":239,"column":33}},{"start":{"line":229,"column":4},"end":{"line":239,"column":33}}],"line":229},"24":{"loc":{"start":{"line":230,"column":6},"end":{"line":237,"column":48}},"type":"binary-expr","locations":[{"start":{"line":230,"column":6},"end":{"line":230,"column":16}},{"start":{"line":231,"column":6},"end":{"line":231,"column":25}},{"start":{"line":232,"column":6},"end":{"line":232,"column":15}},{"start":{"line":233,"column":6},"end":{"line":233,"column":39}},{"start":{"line":234,"column":6},"end":{"line":234,"column":35}},{"start":{"line":235,"column":6},"end":{"line":235,"column":47}},{"start":{"line":236,"column":6},"end":{"line":236,"column":47}},{"start":{"line":237,"column":6},"end":{"line":237,"column":48}}],"line":230},"25":{"loc":{"start":{"line":245,"column":4},"end":{"line":245,"column":103}},"type":"if","locations":[{"start":{"line":245,"column":4},"end":{"line":245,"column":103}},{"start":{"line":245,"column":4},"end":{"line":245,"column":103}}],"line":245},"26":{"loc":{"start":{"line":245,"column":8},"end":{"line":245,"column":74}},"type":"binary-expr","locations":[{"start":{"line":245,"column":8},"end":{"line":245,"column":39}},{"start":{"line":245,"column":43},"end":{"line":245,"column":74}}],"line":245},"27":{"loc":{"start":{"line":257,"column":4},"end":{"line":271,"column":5}},"type":"if","locations":[{"start":{"line":257,"column":4},"end":{"line":271,"column":5}},{"start":{"line":257,"column":4},"end":{"line":271,"column":5}}],"line":257},"28":{"loc":{"start":{"line":268,"column":23},"end":{"line":268,"column":68}},"type":"cond-expr","locations":[{"start":{"line":268,"column":31},"end":{"line":268,"column":46}},{"start":{"line":268,"column":49},"end":{"line":268,"column":68}}],"line":268},"29":{"loc":{"start":{"line":280,"column":4},"end":{"line":282,"column":5}},"type":"if","locations":[{"start":{"line":280,"column":4},"end":{"line":282,"column":5}},{"start":{"line":280,"column":4},"end":{"line":282,"column":5}}],"line":280},"30":{"loc":{"start":{"line":280,"column":8},"end":{"line":280,"column":111}},"type":"binary-expr","locations":[{"start":{"line":280,"column":8},"end":{"line":280,"column":18}},{"start":{"line":280,"column":22},"end":{"line":280,"column":41}},{"start":{"line":280,"column":45},"end":{"line":280,"column":78}},{"start":{"line":280,"column":82},"end":{"line":280,"column":111}}],"line":280},"31":{"loc":{"start":{"line":288,"column":4},"end":{"line":288,"column":103}},"type":"if","locations":[{"start":{"line":288,"column":4},"end":{"line":288,"column":103}},{"start":{"line":288,"column":4},"end":{"line":288,"column":103}}],"line":288},"32":{"loc":{"start":{"line":288,"column":8},"end":{"line":288,"column":74}},"type":"binary-expr","locations":[{"start":{"line":288,"column":8},"end":{"line":288,"column":39}},{"start":{"line":288,"column":43},"end":{"line":288,"column":74}}],"line":288},"33":{"loc":{"start":{"line":293,"column":4},"end":{"line":296,"column":5}},"type":"if","locations":[{"start":{"line":293,"column":4},"end":{"line":296,"column":5}},{"start":{"line":293,"column":4},"end":{"line":296,"column":5}}],"line":293},"34":{"loc":{"start":{"line":293,"column":8},"end":{"line":293,"column":115}},"type":"binary-expr","locations":[{"start":{"line":293,"column":8},"end":{"line":293,"column":17}},{"start":{"line":293,"column":21},"end":{"line":293,"column":35}},{"start":{"line":293,"column":39},"end":{"line":293,"column":54}},{"start":{"line":293,"column":58},"end":{"line":293,"column":84}},{"start":{"line":293,"column":88},"end":{"line":293,"column":115}}],"line":293},"35":{"loc":{"start":{"line":323,"column":4},"end":{"line":323,"column":86}},"type":"if","locations":[{"start":{"line":323,"column":4},"end":{"line":323,"column":86}},{"start":{"line":323,"column":4},"end":{"line":323,"column":86}}],"line":323},"36":{"loc":{"start":{"line":323,"column":8},"end":{"line":323,"column":54}},"type":"binary-expr","locations":[{"start":{"line":323,"column":8},"end":{"line":323,"column":17}},{"start":{"line":323,"column":21},"end":{"line":323,"column":54}}],"line":323},"37":{"loc":{"start":{"line":327,"column":8},"end":{"line":327,"column":80}},"type":"if","locations":[{"start":{"line":327,"column":8},"end":{"line":327,"column":80}},{"start":{"line":327,"column":8},"end":{"line":327,"column":80}}],"line":327},"38":{"loc":{"start":{"line":343,"column":12},"end":{"line":343,"column":53}},"type":"if","locations":[{"start":{"line":343,"column":12},"end":{"line":343,"column":53}},{"start":{"line":343,"column":12},"end":{"line":343,"column":53}}],"line":343}},"s":{"0":11,"1":11,"2":1,"3":0,"4":1,"5":1,"6":1,"7":0,"8":3,"9":1,"10":2,"11":2,"12":2,"13":2,"14":2,"15":0,"16":2,"17":1,"18":1,"19":1,"20":1,"21":1,"22":0,"23":1,"24":1,"25":1,"26":3,"27":1,"28":2,"29":2,"30":2,"31":2,"32":0,"33":2,"34":2,"35":4,"36":2,"37":2,"38":2,"39":2,"40":2,"41":0,"42":2,"43":2,"44":0,"45":2,"46":1,"47":0,"48":1,"49":1,"50":0,"51":1,"52":1,"53":1,"54":2,"55":1,"56":1,"57":1,"58":1,"59":1,"60":0,"61":1,"62":1,"63":0,"64":0,"65":0,"66":2,"67":1,"68":1,"69":1,"70":1,"71":1,"72":0,"73":1,"74":1,"75":1,"76":1,"77":1,"78":1,"79":1,"80":1,"81":1,"82":1,"83":1,"84":0,"85":2,"86":1,"87":1,"88":1,"89":1,"90":1,"91":0,"92":1,"93":1,"94":1,"95":0,"96":0,"97":1,"98":1,"99":1,"100":1,"101":1,"102":0,"103":0,"104":0,"105":0,"106":0,"107":0,"108":0,"109":0,"110":0,"111":0,"112":0,"113":0,"114":0,"115":0,"116":0,"117":0,"118":0},"f":{"0":1,"1":1,"2":0,"3":3,"4":1,"5":1,"6":3,"7":2,"8":4,"9":1,"10":1,"11":2,"12":1,"13":0,"14":0,"15":2,"16":1,"17":2,"18":1,"19":0,"20":0,"21":0,"22":0,"23":0,"24":0},"b":{"0":[0,1],"1":[1,2],"2":[3,3,2,2,2,2,2,2,2,2,2,2,2,2],"3":[0,2],"4":[2,0],"5":[1,0],"6":[1,2],"7":[3,3,3,2],"8":[0,2],"9":[2,2],"10":[1,1],"11":[2,2],"12":[4,4,4,4,3,3,2,2,2,2,2,2,2,2,2,2],"13":[0,2],"14":[2,2],"15":[0,2],"16":[0,1],"17":[1,0],"18":[1,1],"19":[2,2,2,1],"20":[0,1],"21":[1,1],"22":[1,0],"23":[1,1],"24":[2,2,2,2,2,2,1,1],"25":[0,1],"26":[1,1],"27":[1,0],"28":[1,0],"29":[1,1],"30":[2,2,2,1],"31":[0,1],"32":[1,1],"33":[0,1],"34":[1,1,0,0,0],"35":[0,0],"36":[0,0],"37":[0,0],"38":[0,0]},"_coverageSchema":"332fd63041d2c1bcb487cc26dd0d5f7d97098a6c","hash":"930ba3f9221469f674d807b6a08a2794e35b43c7"}
,"C:\\Users\\Ørjan\\Documents\\hverdagshelt-team-6\\server\\src\\utils\\DuplicateChecker.js": {"path":"C:\\Users\\Ørjan\\Documents\\hverdagshelt-team-6\\server\\src\\utils\\DuplicateChecker.js","statementMap":{"0":{"start":{"line":5,"column":11},"end":{"line":5,"column":23}},"1":{"start":{"line":7,"column":0},"end":{"line":35,"column":2}},"2":{"start":{"line":17,"column":4},"end":{"line":33,"column":7}},"3":{"start":{"line":18,"column":6},"end":{"line":32,"column":9}},"4":{"start":{"line":19,"column":8},"end":{"line":31,"column":9}},"5":{"start":{"line":19,"column":52},"end":{"line":19,"column":67}},"6":{"start":{"line":21,"column":22},"end":{"line":24,"column":12}},"7":{"start":{"line":25,"column":10},"end":{"line":25,"column":29}},"8":{"start":{"line":26,"column":10},"end":{"line":30,"column":12}},"9":{"start":{"line":28,"column":14},"end":{"line":28,"column":71}},"10":{"start":{"line":38,"column":26},"end":{"line":38,"column":28}},"11":{"start":{"line":40,"column":10},"end":{"line":40,"column":14}},"12":{"start":{"line":41,"column":11},"end":{"line":41,"column":22}},"13":{"start":{"line":42,"column":13},"end":{"line":42,"column":22}},"14":{"start":{"line":43,"column":11},"end":{"line":43,"column":22}},"15":{"start":{"line":44,"column":13},"end":{"line":44,"column":22}},"16":{"start":{"line":46,"column":4},"end":{"line":47,"column":91}},"17":{"start":{"line":48,"column":10},"end":{"line":48,"column":56}},"18":{"start":{"line":50,"column":2},"end":{"line":50,"column":40}},"19":{"start":{"line":54,"column":2},"end":{"line":54,"column":32}}},"fnMap":{"0":{"name":"(anonymous_0)","decl":{"start":{"line":16,"column":18},"end":{"line":16,"column":19}},"loc":{"start":{"line":16,"column":93},"end":{"line":34,"column":3}},"line":16},"1":{"name":"(anonymous_1)","decl":{"start":{"line":17,"column":23},"end":{"line":17,"column":24}},"loc":{"start":{"line":17,"column":34},"end":{"line":33,"column":5}},"line":17},"2":{"name":"(anonymous_2)","decl":{"start":{"line":18,"column":63},"end":{"line":18,"column":64}},"loc":{"start":{"line":18,"column":79},"end":{"line":32,"column":7}},"line":18},"3":{"name":"(anonymous_3)","decl":{"start":{"line":27,"column":23},"end":{"line":27,"column":24}},"loc":{"start":{"line":27,"column":35},"end":{"line":29,"column":13}},"line":27},"4":{"name":"isDuplicate","decl":{"start":{"line":37,"column":9},"end":{"line":37,"column":20}},"loc":{"start":{"line":37,"column":77},"end":{"line":51,"column":1}},"line":37},"5":{"name":"toRad","decl":{"start":{"line":53,"column":9},"end":{"line":53,"column":14}},"loc":{"start":{"line":53,"column":29},"end":{"line":55,"column":1}},"line":53}},"branchMap":{"0":{"loc":{"start":{"line":19,"column":8},"end":{"line":31,"column":9}},"type":"if","locations":[{"start":{"line":19,"column":8},"end":{"line":31,"column":9}},{"start":{"line":19,"column":8},"end":{"line":31,"column":9}}],"line":19},"1":{"loc":{"start":{"line":19,"column":12},"end":{"line":19,"column":50}},"type":"binary-expr","locations":[{"start":{"line":19,"column":12},"end":{"line":19,"column":29}},{"start":{"line":19,"column":33},"end":{"line":19,"column":50}}],"line":19}},"s":{"0":11,"1":11,"2":3,"3":3,"4":3,"5":0,"6":3,"7":3,"8":3,"9":71,"10":71,"11":71,"12":71,"13":71,"14":71,"15":71,"16":71,"17":71,"18":71,"19":284},"f":{"0":3,"1":3,"2":3,"3":71,"4":71,"5":284},"b":{"0":[0,3],"1":[3,0]},"_coverageSchema":"332fd63041d2c1bcb487cc26dd0d5f7d97098a6c","hash":"6539e0b4ab6486990e9137f150751b6ca624de3f"}
,"C:\\Users\\Ørjan\\Documents\\hverdagshelt-team-6\\server\\src\\utils\\Epost.js": {"path":"C:\\Users\\Ørjan\\Documents\\hverdagshelt-team-6\\server\\src\\utils\\Epost.js","statementMap":{"0":{"start":{"line":3,"column":19},"end":{"line":3,"column":40}},"1":{"start":{"line":4,"column":0},"end":{"line":4,"column":27}},"2":{"start":{"line":6,"column":20},"end":{"line":12,"column":2}},"3":{"start":{"line":14,"column":0},"end":{"line":51,"column":2}},"4":{"start":{"line":23,"column":24},"end":{"line":28,"column":5}},"5":{"start":{"line":29,"column":4},"end":{"line":36,"column":5}},"6":{"start":{"line":30,"column":17},"end":{"line":30,"column":56}},"7":{"start":{"line":31,"column":6},"end":{"line":31,"column":24}},"8":{"start":{"line":32,"column":6},"end":{"line":32,"column":18}},"9":{"start":{"line":34,"column":6},"end":{"line":34,"column":23}},"10":{"start":{"line":35,"column":6},"end":{"line":35,"column":19}},"11":{"start":{"line":46,"column":22},"end":{"line":48,"column":6}},"12":{"start":{"line":47,"column":6},"end":{"line":47,"column":58}},"13":{"start":{"line":49,"column":4},"end":{"line":49,"column":36}}},"fnMap":{"0":{"name":"(anonymous_0)","decl":{"start":{"line":22,"column":14},"end":{"line":22,"column":15}},"loc":{"start":{"line":22,"column":79},"end":{"line":37,"column":3}},"line":22},"1":{"name":"(anonymous_1)","decl":{"start":{"line":45,"column":19},"end":{"line":45,"column":20}},"loc":{"start":{"line":45,"column":92},"end":{"line":50,"column":3}},"line":45},"2":{"name":"(anonymous_2)","decl":{"start":{"line":46,"column":43},"end":{"line":46,"column":44}},"loc":{"start":{"line":46,"column":56},"end":{"line":48,"column":5}},"line":46}},"branchMap":{},"s":{"0":11,"1":11,"2":11,"3":11,"4":3,"5":3,"6":3,"7":1,"8":1,"9":0,"10":0,"11":1,"12":1,"13":1},"f":{"0":3,"1":1,"2":1},"b":{},"_coverageSchema":"332fd63041d2c1bcb487cc26dd0d5f7d97098a6c","hash":"036744cba92dbcac0743ce6d640833286c433a6d"}
,"C:\\Users\\Ørjan\\Documents\\hverdagshelt-team-6\\server\\src\\utils\\Regex.js": {"path":"C:\\Users\\Ørjan\\Documents\\hverdagshelt-team-6\\server\\src\\utils\\Regex.js","statementMap":{"0":{"start":{"line":1,"column":17},"end":{"line":1,"column":40}},"1":{"start":{"line":2,"column":18},"end":{"line":2,"column":29}},"2":{"start":{"line":3,"column":17},"end":{"line":3,"column":84}},"3":{"start":{"line":4,"column":20},"end":{"line":4,"column":68}},"4":{"start":{"line":5,"column":20},"end":{"line":5,"column":29}}},"fnMap":{},"branchMap":{},"s":{"0":11,"1":11,"2":11,"3":11,"4":11},"f":{},"b":{},"_coverageSchema":"332fd63041d2c1bcb487cc26dd0d5f7d97098a6c","hash":"130f4c23bf5cc2deb336c46f0eba2665e8bbaaaa"}
,"C:\\Users\\Ørjan\\Documents\\hverdagshelt-team-6\\server\\tests\\jest.setup.js": {"path":"C:\\Users\\Ørjan\\Documents\\hverdagshelt-team-6\\server\\tests\\jest.setup.js","statementMap":{"0":{"start":{"line":1,"column":0},"end":{"line":1,"column":23}}},"fnMap":{},"branchMap":{},"s":{"0":11},"f":{},"b":{},"_coverageSchema":"332fd63041d2c1bcb487cc26dd0d5f7d97098a6c","hash":"d385bf0cf4c23f06b22bf59be7336dc08a8ea5a1"}
}
